<?xml version="1.0" encoding="UTF-8" standalone="no"?><testsuite errors="0" failures="0" name="Posts" skipped="1" tests="12" time="5.42" timestamp="2023-05-08 06:26:13"><testcase name="POST - As an admin I have be able to create new posts rating"/><testcase name="POST - As an admin I shouldn't be able to create new posts rating with invalid url"><skipped/></testcase><testcase name="GET - As an admin I have be able to see posts rating number 1"/><testcase name="GET - As an admin I shouldn't be able to see posts rating with invalid url"/><testcase name="POST - As an admin I have be able to create new posts comment"/><testcase name="POST - As an admin I shouldn't be able to create new posts commant with invalid url"/><testcase name="GET - As an admin I have be able to see posts number 1"/><testcase name="GET - As an admin I shouldn't be able to see posts with invalid url"/><testcase name="POST - As an admin I have be able to create new posts"/><testcase name="POST - As an admin I shouldn't be able to create new posts with invalid url"/><testcase name="DELETE - As admin I have be able to delete existing posts"/><testcase name="DELETE - As admin I shouldn't be able to delete without input which posts"/></testsuite>