<?xml version="1.0" encoding="UTF-8"?>
<testsuite xmlns:xsi="http://www.w3.org/2001/XMLSchema-instance" xsi:noNamespaceSchemaLocation="https://maven.apache.org/surefire/maven-failsafe-plugin/xsd/failsafe-test-report-3.0.xsd" version="3.0" name="starter.CucumberTestSuite" time="18.562" tests="12" errors="1" skipped="0" failures="0">
  <properties>
[...]
</properties>
  <testcase name="POST - As an admin I have be able to create new posts rating" classname="Posts #1" time="2.789">
    <system-out><![CDATA[18:26:12.959 [main] DEBUG net.thucydides.core.guice.Injectors - Created injector for module net.thucydides.core.guice.ThucydidesModule
18:26:13.158 [main] DEBUG io.cucumber.core.plugin.SerenityReporter - Running feature from file:///C:/Users/Dimas%20Rizqi%20Suryana/Mini_Project2/src/test/resources/features/User_RatingandComment.feature
18:26:13.306 [main] DEBUG net.thucydides.core.guice.Injectors - Created injector for module net.thucydides.core.guice.webdriver.WebDriverModule
18:26:13.317 [main] INFO  - 

-------------------------------------------------------------------------------------
     _______. _______ .______       _______ .__   __.  __  .___________.____    ____ 
    /       ||   ____||   _  \     |   ____||  \ |  | |  | |           |\   \  /   / 
   |   (----`|  |__   |  |_)  |    |  |__   |   \|  | |  | `---|  |----` \   \/   /  
    \   \    |   __|  |      /     |   __|  |  . `  | |  |     |  |       \_    _/   
.----)   |   |  |____ |  |\  \----.|  |____ |  |\   | |  |     |  |         |  |     
|_______/    |_______|| _| `._____||_______||__| \__| |__|     |__|         |__|    
                                                                                     
 News and tutorials at http://www.serenity-bdd.info                                  
 Documentation at https://wakaleo.gitbooks.io/the-serenity-book/content/             
 Join the Serenity Community on Gitter: https://gitter.im/serenity-bdd/serenity-core 
 Serenity BDD Support and Training at http://serenity-bdd.info/#/trainingandsupport  
-------------------------------------------------------------------------------------

18:26:13.320 [main] DEBUG net.thucydides.core.steps.StepEventBus - Test suite started for story net.thucydides.core.model.Story@426c086e
18:26:13.322 [main] INFO  - Test Suite Started: Posts
18:26:13.340 [main] DEBUG io.cucumber.core.plugin.SerenityReporter - Running feature from file:///C:/Users/Dimas%20Rizqi%20Suryana/Mini_Project2/src/test/resources/features/User_product.feature
18:26:13.344 [main] DEBUG net.thucydides.core.steps.StepEventBus - Test suite started for story net.thucydides.core.model.Story@b5097730
18:26:13.344 [main] INFO  - Test Suite Started: Posts
18:26:13.345 [main] DEBUG io.cucumber.core.plugin.SerenityReporter - Running feature from file:///C:/Users/Dimas%20Rizqi%20Suryana/Mini_Project2/src/test/resources/features/User_RatingandComment.feature
18:26:13.346 [main] DEBUG net.thucydides.core.steps.StepEventBus - Test suite started for story net.thucydides.core.model.Story@426c086e
18:26:13.347 [main] INFO  - Test Suite Started: Posts

Scenario: POST - As an admin I have be able to create new posts rating &amp#27;[90m# src/test/resources/features/User_RatingandComment.feature:7&amp#27;[0m
18:26:13.410 [main] DEBUG io.cucumber.core.plugin.SerenityReporter - Running feature from file:///C:/Users/Dimas%20Rizqi%20Suryana/Mini_Project2/src/test/resources/features/User_RatingandComment.feature
18:26:13.525 [main] INFO  - 
  _____   ___   ___   _____     ___   _____     _     ___   _____   ___   ___  
 |_   _| | __| / __| |_   _|   / __| |_   _|   /_\   | _ \ |_   _| | __| |   \ 
   | |   | _|  \__ \   | |     \__ \   | |    / _ \  |   /   | |   | _|  | |) |
   |_|   |___| |___/   |_|     |___/   |_|   /_/ \_\ |_|_\   |_|   |___| |___/ 

POST - As an admin I have be able to create new posts rating(posts;post---as-an-admin-i-have-be-able-to-create-new-posts-rating)
--------------------------------------------------------------------------------
18:26:13.575 [main] DEBUG net.thucydides.core.requirements.model.cucumber.CucumberParser - Loading feature C:\Users\Dimas Rizqi Suryana\Mini_Project2\src\test\resources\features\User_product.feature
18:26:13.589 [main] DEBUG net.thucydides.core.requirements.model.cucumber.CucumberParser - Loading feature C:\Users\Dimas Rizqi Suryana\Mini_Project2\src\test\resources\features\User_RatingandComment.feature
18:26:13.938 [main] DEBUG net.thucydides.core.steps.StepInterceptor - STARTING STEP: User_RatingandComment_steps.sendPostRatingHttpRating - I send POST rating HTTP request
18:26:15.131 [main] DEBUG net.thucydides.core.steps.StepInterceptor - STARTING STEP: POST_RatingComment.sendPostRatingHttpRequest - I set POST rating api endpoints
18:26:15.133 [main] DEBUG net.thucydides.core.steps.StepInterceptor - STEP DONE: I set POST rating api endpoints
18:26:15.748 [main] DEBUG org.apache.http.impl.conn.BasicClientConnectionManager - Get connection for route {s}->https://altashop-api.fly.dev:443
18:26:15.789 [main] DEBUG org.apache.http.impl.conn.DefaultClientConnectionOperator - Connecting to altashop-api.fly.dev:443
18:26:16.010 [main] DEBUG org.apache.http.client.protocol.RequestAddCookies - CookieSpec selected: ignoreCookies
18:26:16.011 [main] DEBUG org.apache.http.client.protocol.RequestAuthCache - Auth cache not set in the context
18:26:16.012 [main] DEBUG org.apache.http.client.protocol.RequestProxyAuthentication - Proxy auth state: UNCHALLENGED
18:26:16.012 [main] DEBUG org.apache.http.impl.client.DefaultHttpClient - Attempt 1 to execute request
18:26:16.012 [main] DEBUG org.apache.http.impl.conn.DefaultClientConnection - Sending request: POST /api/products/13369/ratings HTTP/1.1
18:26:16.012 [main] DEBUG org.apache.http.wire -  >> "POST /api/products/13369/ratings HTTP/1.1[\r][\n]"
18:26:16.013 [main] DEBUG org.apache.http.wire -  >> "Authorization: Bearer eyJhbGciOiJIUzI1NiIsInR5cCI6IkpXVCJ9.eyJGdWxsbmFtZSI6IkpvaG4gRG9lIiwiRW1haWwiOiJzb21lb25lQG1haWwuY29tIn0.WvBSxcQEqqniC1v08LzkrHcELegs0b7vtjGPWiaEWcI[\r][\n]"
18:26:16.013 [main] DEBUG org.apache.http.wire -  >> "Conten-Type: aplication/json[\r][\n]"
18:26:16.013 [main] DEBUG org.apache.http.wire -  >> "Accept: */*[\r][\n]"
18:26:16.013 [main] DEBUG org.apache.http.wire -  >> "Content-Type: text/plain; charset=ISO-8859-1[\r][\n]"
18:26:16.013 [main] DEBUG org.apache.http.wire -  >> "Content-Length: 11[\r][\n]"
18:26:16.013 [main] DEBUG org.apache.http.wire -  >> "Host: altashop-api.fly.dev[\r][\n]"
18:26:16.013 [main] DEBUG org.apache.http.wire -  >> "Connection: Keep-Alive[\r][\n]"
18:26:16.013 [main] DEBUG org.apache.http.wire -  >> "User-Agent: Apache-HttpClient/4.5.13 (Java/18.0.2.1)[\r][\n]"
18:26:16.013 [main] DEBUG org.apache.http.wire -  >> "Accept-Encoding: gzip,deflate[\r][\n]"
18:26:16.013 [main] DEBUG org.apache.http.wire -  >> "[\r][\n]"
18:26:16.013 [main] DEBUG org.apache.http.headers - >> POST /api/products/13369/ratings HTTP/1.1
18:26:16.013 [main] DEBUG org.apache.http.headers - >> Authorization: Bearer eyJhbGciOiJIUzI1NiIsInR5cCI6IkpXVCJ9.eyJGdWxsbmFtZSI6IkpvaG4gRG9lIiwiRW1haWwiOiJzb21lb25lQG1haWwuY29tIn0.WvBSxcQEqqniC1v08LzkrHcELegs0b7vtjGPWiaEWcI
18:26:16.013 [main] DEBUG org.apache.http.headers - >> Conten-Type: aplication/json
18:26:16.014 [main] DEBUG org.apache.http.headers - >> Accept: */*
18:26:16.014 [main] DEBUG org.apache.http.headers - >> Content-Type: text/plain; charset=ISO-8859-1
18:26:16.014 [main] DEBUG org.apache.http.headers - >> Content-Length: 11
18:26:16.014 [main] DEBUG org.apache.http.headers - >> Host: altashop-api.fly.dev
18:26:16.014 [main] DEBUG org.apache.http.headers - >> Connection: Keep-Alive
18:26:16.014 [main] DEBUG org.apache.http.headers - >> User-Agent: Apache-HttpClient/4.5.13 (Java/18.0.2.1)
18:26:16.014 [main] DEBUG org.apache.http.headers - >> Accept-Encoding: gzip,deflate
18:26:16.014 [main] DEBUG org.apache.http.wire -  >> "{"count":4}"
18:26:16.040 [main] DEBUG org.apache.http.wire -  << "HTTP/1.1 200 OK[\r][\n]"
18:26:16.041 [main] DEBUG org.apache.http.wire -  << "content-type: application/json[\r][\n]"
18:26:16.042 [main] DEBUG org.apache.http.wire -  << "date: Mon, 08 May 2023 11:26:18 GMT[\r][\n]"
18:26:16.042 [main] DEBUG org.apache.http.wire -  << "content-encoding: gzip[\r][\n]"
18:26:16.042 [main] DEBUG org.apache.http.wire -  << "transfer-encoding: chunked[\r][\n]"
18:26:16.042 [main] DEBUG org.apache.http.wire -  << "server: Fly/3f2597ca (2023-05-03)[\r][\n]"
18:26:16.042 [main] DEBUG org.apache.http.wire -  << "via: 1.1 fly.io[\r][\n]"
18:26:16.042 [main] DEBUG org.apache.http.wire -  << "fly-request-id: 01GZXHSGNZAP50PBAN8QEYM2Q4-sin[\r][\n]"
18:26:16.042 [main] DEBUG org.apache.http.wire -  << "[\r][\n]"
18:26:16.042 [main] DEBUG org.apache.http.impl.conn.DefaultClientConnection - Receiving response: HTTP/1.1 200 OK
18:26:16.042 [main] DEBUG org.apache.http.headers - << HTTP/1.1 200 OK
18:26:16.042 [main] DEBUG org.apache.http.headers - << content-type: application/json
18:26:16.042 [main] DEBUG org.apache.http.headers - << date: Mon, 08 May 2023 11:26:18 GMT
18:26:16.042 [main] DEBUG org.apache.http.headers - << content-encoding: gzip
18:26:16.042 [main] DEBUG org.apache.http.headers - << transfer-encoding: chunked
18:26:16.042 [main] DEBUG org.apache.http.headers - << server: Fly/3f2597ca (2023-05-03)
18:26:16.042 [main] DEBUG org.apache.http.headers - << via: 1.1 fly.io
18:26:16.042 [main] DEBUG org.apache.http.headers - << fly-request-id: 01GZXHSGNZAP50PBAN8QEYM2Q4-sin
18:26:16.046 [main] DEBUG org.apache.http.impl.client.DefaultHttpClient - Connection can be kept alive indefinitely
18:26:16.051 [main] DEBUG io.restassured.internal.RestAssuredHttpBuilder - Parsing response as: application/json
18:26:16.051 [main] DEBUG org.apache.http.wire -  << "86[\r][\n]"
18:26:16.051 [main] DEBUG org.apache.http.wire -  << "[0x1f][0x8b][0x8][0x0][0x0][0x0][0x0][0x0][0x4][0xff][0xab]VJI,IT[0xb2][0xaa]V[0xf2]tQ[0xb2]2466[0xb3][0xd4]Q[0xf2]K[0xcc]MU[0xb2]R*I-.[0xc9][0xcc]KW(([0xca]O)M.Q[0xd2]QrI-N.[0xca],([0xc9][0xcc][0xcf][0x3][0xc9]gd[0x16]+d[0x16]+[0x94]d[0xa4][0xc2][0xd4]([0xa4] [0xa9][0xd0]Q[\n]"
18:26:16.051 [main] DEBUG org.apache.http.wire -  << "([0xca]LNU[0xb2]2[0xd0]Q[\n]"
18:26:16.051 [main] DEBUG org.apache.http.wire -  << "J[0x4][0x19]U[0xac]de[0xac][0xa3][0xe4][0x9c]X[0x92][0x9a][0x9e]_[0x94][0x99]Z[0xac]d[0x15][0x1d][[[0xcb][0x5][0x0]-[0xb4]T0[0x85][0x0][0x0][0x0]"
18:26:16.051 [main] DEBUG org.apache.http.wire -  << "[\r][\n]"
18:26:16.052 [main] DEBUG org.apache.http.wire -  << "0[\r][\n]"
18:26:16.052 [main] DEBUG org.apache.http.wire -  << "[\r][\n]"
18:26:16.052 [main] DEBUG io.restassured.internal.RestAssuredHttpBuilder - Parsed data to instance of: class org.apache.http.conn.EofSensorInputStream
18:26:16.073 [main] DEBUG org.apache.http.impl.conn.BasicClientConnectionManager - Releasing connection org.apache.http.impl.conn.ManagedClientConnectionImpl@7497a554
18:26:16.073 [main] DEBUG org.apache.http.impl.conn.BasicClientConnectionManager - Connection can be kept alive indefinitely
18:26:16.088 [main] DEBUG net.thucydides.core.steps.StepInterceptor - STEP DONE: I send POST rating HTTP request
  &amp#27;[32mWhen &amp#27;[0m&amp#27;[32mI send POST rating HTTP request&amp#27;[0m                                 &amp#27;[90m# starter.stepdefinition.User_RatingandComment_steps.sendPostRatingHttpRating()&amp#27;[0m
18:26:16.111 [main] DEBUG net.thucydides.core.steps.StepInterceptor - STARTING STEP: User_produuct_steps.reciveValidHttp201 - I receive valid HTTP response code 201
18:26:16.129 [main] DEBUG net.thucydides.core.steps.StepInterceptor - STEP DONE: I receive valid HTTP response code 201
  &amp#27;[32mThen &amp#27;[0m&amp#27;[32mI receive valid HTTP response code 201&amp#27;[0m                          &amp#27;[90m# starter.stepdefinition.User_produuct_steps.reciveValidHttp201()&amp#27;[0m
18:26:16.131 [main] DEBUG net.thucydides.core.steps.StepInterceptor - STARTING STEP: User_RatingandComment_steps.setPostRatingApiEndpoints - I set POST rating api endpoints
18:26:16.131 [main] DEBUG net.thucydides.core.steps.StepInterceptor - STEP DONE: I set POST rating api endpoints
  &amp#27;[32mGiven &amp#27;[0m&amp#27;[32mI set POST rating api endpoints&amp#27;[0m                                &amp#27;[90m# starter.stepdefinition.User_RatingandComment_steps.setPostRatingApiEndpoints()&amp#27;[0m
18:26:16.135 [main] INFO  - 
  _____   ___   ___   _____     ___     _     ___   ___   ___   ___  
 |_   _| | __| / __| |_   _|   | _ \   /_\   / __| / __| | __| |   \ 
   | |   | _|  \__ \   | |     |  _/  / _ \  \__ \ \__ \ | _|  | |) |
   |_|   |___| |___/   |_|     |_|   /_/ \_\ |___/ |___/ |___| |___/ 

POST - As an admin I have be able to create new posts rating
----------------------------------------------------------------------
]]></system-out>
  </testcase>
  <testcase name="POST - As an admin I shouldn&apos;t be able to create new posts rating with invalid url" classname="Posts #1" time="0.124">
    <error type="io.cucumber.junit.UndefinedStepException"><![CDATA[io.cucumber.junit.UndefinedStepException: 
The step 'I send typo POST rating HTTP request' is undefined.
You can implement this step using the snippet(s) below:

@When("I send typo POST rating HTTP request")
public void i_send_typo_post_rating_http_request() {
    // Write code here that turns the phrase above into concrete actions
    throw new io.cucumber.java.PendingException();
}

]]></error>
    <system-out><![CDATA[
Scenario: POST - As an admin I shouldn't be able to create new posts rating with invalid url &amp#27;[90m# src/test/resources/features/User_RatingandComment.feature:13&amp#27;[0m
18:26:16.169 [main] DEBUG io.cucumber.core.plugin.SerenityReporter - Running feature from file:///C:/Users/Dimas%20Rizqi%20Suryana/Mini_Project2/src/test/resources/features/User_RatingandComment.feature
18:26:16.172 [main] INFO  - 
  _____   ___   ___   _____     ___   _____     _     ___   _____   ___   ___  
 |_   _| | __| / __| |_   _|   / __| |_   _|   /_\   | _ \ |_   _| | __| |   \ 
   | |   | _|  \__ \   | |     \__ \   | |    / _ \  |   /   | |   | _|  | |) |
   |_|   |___| |___/   |_|     |___/   |_|   /_/ \_\ |_|_\   |_|   |___| |___/ 

POST - As an admin I shouldn't be able to create new posts rating with invalid url(posts;post---as-an-admin-i-shouldn-t-be-able-to-create-new-posts-rating-with-invalid-url)
--------------------------------------------------------------------------------
18:26:16.208 [main] DEBUG net.thucydides.core.steps.StepInterceptor - STARTING STEP: User_RatingandComment_steps.setTypoPostRatingApiEndpoints - I set typo POST rating api endpoints
18:26:16.210 [main] DEBUG net.thucydides.core.steps.StepInterceptor - STEP DONE: I set typo POST rating api endpoints
  &amp#27;[32mGiven &amp#27;[0m&amp#27;[32mI set typo POST rating api endpoints&amp#27;[0m                                                 &amp#27;[90m# starter.stepdefinition.User_RatingandComment_steps.setTypoPostRatingApiEndpoints()&amp#27;[0m
  &amp#27;[33mWhen &amp#27;[0m&amp#27;[33mI send typo POST rating HTTP request&amp#27;[0m
  &amp#27;[36mThen &amp#27;[0m&amp#27;[36mI receive invalid HTTP response code 404 Not Found&amp#27;[0m                                    &amp#27;[90m# starter.stepdefinition.User_produuct_steps.reciveInvalidHttpResponse()&amp#27;[0m
  &amp#27;[36mAnd &amp#27;[0m&amp#27;[36mI receive nothing from the page&amp#27;[0m                                                        &amp#27;[90m# starter.stepdefinition.User_produuct_steps.reciveNothing()&amp#27;[0m
18:26:16.259 [main] INFO  - 
  _____   ___   ___   _____     ___   ___   _  _   ___    ___   _  _    ___ 
 |_   _| | __| / __| |_   _|   | _ \ | __| | \| | |   \  |_ _| | \| |  / __|
   | |   | _|  \__ \   | |     |  _/ | _|  | .` | | |) |  | |  | .` | | (_ |
   |_|   |___| |___/   |_|     |_|   |___| |_|\_| |___/  |___| |_|\_|  \___|

POST - As an admin I shouldn't be able to create new posts rating with invalid url
-----------------------------------------------------------------------------
]]></system-out>
  </testcase>
  <testcase name="GET - As an admin I have be able to see posts rating number 1" classname="Posts #1" time="0.831">
    <system-out><![CDATA[
Scenario: GET - As an admin I have be able to see posts rating number 1 &amp#27;[90m# src/test/resources/features/User_RatingandComment.feature:19&amp#27;[0m
18:26:16.277 [main] DEBUG io.cucumber.core.plugin.SerenityReporter - Running feature from file:///C:/Users/Dimas%20Rizqi%20Suryana/Mini_Project2/src/test/resources/features/User_RatingandComment.feature
18:26:16.285 [main] INFO  - 
  _____   ___   ___   _____     ___   _____     _     ___   _____   ___   ___  
 |_   _| | __| / __| |_   _|   / __| |_   _|   /_\   | _ \ |_   _| | __| |   \ 
   | |   | _|  \__ \   | |     \__ \   | |    / _ \  |   /   | |   | _|  | |) |
   |_|   |___| |___/   |_|     |___/   |_|   /_/ \_\ |_|_\   |_|   |___| |___/ 

GET - As an admin I have be able to see posts rating number 1(posts;get---as-an-admin-i-have-be-able-to-see-posts-rating-number-1)
--------------------------------------------------------------------------------
18:26:16.310 [main] DEBUG net.thucydides.core.steps.StepInterceptor - STARTING STEP: User_RatingandComment_steps.setGetRatingApiEndpoints - I set GET rating api endpoints
18:26:16.311 [main] DEBUG net.thucydides.core.steps.StepInterceptor - STEP DONE: I set GET rating api endpoints
  &amp#27;[32mGiven &amp#27;[0m&amp#27;[32mI set GET rating api endpoints&amp#27;[0m                                  &amp#27;[90m# starter.stepdefinition.User_RatingandComment_steps.setGetRatingApiEndpoints()&amp#27;[0m
18:26:16.318 [main] DEBUG net.thucydides.core.steps.StepInterceptor - STARTING STEP: User_RatingandComment_steps.sendGetRatingHttpRequest - I send GET rating HTTP request
18:26:16.322 [main] DEBUG net.thucydides.core.steps.StepInterceptor - STARTING STEP: GET_RatingComment.senGetRatingHttpRequest - I set GET rating api endpoints
18:26:16.322 [main] DEBUG net.thucydides.core.steps.StepInterceptor - STEP DONE: I set GET rating api endpoints
18:26:16.384 [main] DEBUG org.apache.http.impl.conn.BasicClientConnectionManager - Get connection for route {s}->https://altashop-api.fly.dev:443
18:26:16.384 [main] DEBUG org.apache.http.impl.conn.DefaultClientConnectionOperator - Connecting to altashop-api.fly.dev:443
18:26:16.432 [main] DEBUG org.apache.http.client.protocol.RequestAddCookies - CookieSpec selected: ignoreCookies
18:26:16.432 [main] DEBUG org.apache.http.client.protocol.RequestAuthCache - Auth cache not set in the context
18:26:16.432 [main] DEBUG org.apache.http.client.protocol.RequestTargetAuthentication - Target auth state: UNCHALLENGED
18:26:16.432 [main] DEBUG org.apache.http.client.protocol.RequestProxyAuthentication - Proxy auth state: UNCHALLENGED
18:26:16.432 [main] DEBUG org.apache.http.impl.client.DefaultHttpClient - Attempt 1 to execute request
18:26:16.432 [main] DEBUG org.apache.http.impl.conn.DefaultClientConnection - Sending request: GET /api/products/1/ratings HTTP/1.1
18:26:16.432 [main] DEBUG org.apache.http.wire -  >> "GET /api/products/1/ratings HTTP/1.1[\r][\n]"
18:26:16.432 [main] DEBUG org.apache.http.wire -  >> "Accept: */*[\r][\n]"
18:26:16.432 [main] DEBUG org.apache.http.wire -  >> "Host: altashop-api.fly.dev[\r][\n]"
18:26:16.432 [main] DEBUG org.apache.http.wire -  >> "Connection: Keep-Alive[\r][\n]"
18:26:16.432 [main] DEBUG org.apache.http.wire -  >> "User-Agent: Apache-HttpClient/4.5.13 (Java/18.0.2.1)[\r][\n]"
18:26:16.433 [main] DEBUG org.apache.http.wire -  >> "Accept-Encoding: gzip,deflate[\r][\n]"
18:26:16.433 [main] DEBUG org.apache.http.wire -  >> "[\r][\n]"
18:26:16.433 [main] DEBUG org.apache.http.headers - >> GET /api/products/1/ratings HTTP/1.1
18:26:16.433 [main] DEBUG org.apache.http.headers - >> Accept: */*
18:26:16.433 [main] DEBUG org.apache.http.headers - >> Host: altashop-api.fly.dev
18:26:16.433 [main] DEBUG org.apache.http.headers - >> Connection: Keep-Alive
18:26:16.433 [main] DEBUG org.apache.http.headers - >> User-Agent: Apache-HttpClient/4.5.13 (Java/18.0.2.1)
18:26:16.433 [main] DEBUG org.apache.http.headers - >> Accept-Encoding: gzip,deflate
18:26:16.456 [main] DEBUG org.apache.http.wire -  << "HTTP/1.1 200 OK[\r][\n]"
18:26:16.456 [main] DEBUG org.apache.http.wire -  << "content-type: application/json[\r][\n]"
18:26:16.456 [main] DEBUG org.apache.http.wire -  << "date: Mon, 08 May 2023 11:26:19 GMT[\r][\n]"
18:26:16.456 [main] DEBUG org.apache.http.wire -  << "content-encoding: gzip[\r][\n]"
18:26:16.458 [main] DEBUG org.apache.http.wire -  << "transfer-encoding: chunked[\r][\n]"
18:26:16.458 [main] DEBUG org.apache.http.wire -  << "server: Fly/3f2597ca (2023-05-03)[\r][\n]"
18:26:16.458 [main] DEBUG org.apache.http.wire -  << "via: 1.1 fly.io[\r][\n]"
18:26:16.458 [main] DEBUG org.apache.http.wire -  << "fly-request-id: 01GZXHSH33G93JTSZ1V57097G3-sin[\r][\n]"
18:26:16.458 [main] DEBUG org.apache.http.wire -  << "[\r][\n]"
18:26:16.458 [main] DEBUG org.apache.http.impl.conn.DefaultClientConnection - Receiving response: HTTP/1.1 200 OK
18:26:16.458 [main] DEBUG org.apache.http.headers - << HTTP/1.1 200 OK
18:26:16.458 [main] DEBUG org.apache.http.headers - << content-type: application/json
18:26:16.458 [main] DEBUG org.apache.http.headers - << date: Mon, 08 May 2023 11:26:19 GMT
18:26:16.458 [main] DEBUG org.apache.http.headers - << content-encoding: gzip
18:26:16.458 [main] DEBUG org.apache.http.headers - << transfer-encoding: chunked
18:26:16.458 [main] DEBUG org.apache.http.headers - << server: Fly/3f2597ca (2023-05-03)
18:26:16.458 [main] DEBUG org.apache.http.headers - << via: 1.1 fly.io
18:26:16.458 [main] DEBUG org.apache.http.headers - << fly-request-id: 01GZXHSH33G93JTSZ1V57097G3-sin
18:26:16.458 [main] DEBUG org.apache.http.impl.client.DefaultHttpClient - Connection can be kept alive indefinitely
18:26:16.458 [main] DEBUG io.restassured.internal.RestAssuredHttpBuilder - Parsing response as: application/json
18:26:16.458 [main] DEBUG org.apache.http.wire -  << "1F[\r][\n]"
18:26:16.458 [main] DEBUG org.apache.http.wire -  << "[0x1f][0x8b][0x8][0x0][0x0][0x0][0x0][0x0][0x4][0xff][0xab]VJI,IT[0xb2]2[0xaa][0xe5][0x2][0x0][0x6]TQB[0xb][0x0][0x0][0x0]"
18:26:16.458 [main] DEBUG org.apache.http.wire -  << "[\r][\n]"
18:26:16.459 [main] DEBUG org.apache.http.wire -  << "0[\r][\n]"
18:26:16.459 [main] DEBUG org.apache.http.wire -  << "[\r][\n]"
18:26:16.459 [main] DEBUG io.restassured.internal.RestAssuredHttpBuilder - Parsed data to instance of: class org.apache.http.conn.EofSensorInputStream
18:26:16.462 [main] DEBUG org.apache.http.impl.conn.BasicClientConnectionManager - Releasing connection org.apache.http.impl.conn.ManagedClientConnectionImpl@c0004b7
18:26:16.462 [main] DEBUG org.apache.http.impl.conn.BasicClientConnectionManager - Connection can be kept alive indefinitely
18:26:16.463 [main] DEBUG net.thucydides.core.steps.StepInterceptor - STEP DONE: I send GET rating HTTP request
  &amp#27;[32mWhen &amp#27;[0m&amp#27;[32mI send GET rating HTTP request&amp#27;[0m                                   &amp#27;[90m# starter.stepdefinition.User_RatingandComment_steps.sendGetRatingHttpRequest()&amp#27;[0m
18:26:16.497 [main] DEBUG net.thucydides.core.steps.StepInterceptor - STARTING STEP: User_produuct_steps.reciveValidHttpResponse - I receive valid HTTP response code 200
18:26:16.500 [main] DEBUG net.thucydides.core.steps.StepInterceptor - STEP DONE: I receive valid HTTP response code 200
  &amp#27;[32mThen &amp#27;[0m&amp#27;[32mI receive valid HTTP response code 200&amp#27;[0m                           &amp#27;[90m# starter.stepdefinition.User_produuct_steps.reciveValidHttpResponse()&amp#27;[0m
18:26:16.513 [main] DEBUG net.thucydides.core.steps.StepInterceptor - STARTING STEP: User_RatingandComment_steps.reciveDataGetRating - I receive valid data for all of the posts rating
18:26:17.098 [main] DEBUG net.thucydides.core.steps.StepInterceptor - STEP DONE: I receive valid data for all of the posts rating
  &amp#27;[32mAnd &amp#27;[0m&amp#27;[32mI receive valid data for all of the posts rating&amp#27;[0m                  &amp#27;[90m# starter.stepdefinition.User_RatingandComment_steps.reciveDataGetRating()&amp#27;[0m
18:26:17.100 [main] INFO  - 
  _____   ___   ___   _____     ___     _     ___   ___   ___   ___  
 |_   _| | __| / __| |_   _|   | _ \   /_\   / __| / __| | __| |   \ 
   | |   | _|  \__ \   | |     |  _/  / _ \  \__ \ \__ \ | _|  | |) |
   |_|   |___| |___/   |_|     |_|   /_/ \_\ |___/ |___/ |___| |___/ 

GET - As an admin I have be able to see posts rating number 1
----------------------------------------------------------------------
]]></system-out>
  </testcase>
  <testcase name="GET - As an admin I shouldn&apos;t be able to see posts rating with invalid url" classname="Posts #1" time="0.122">
    <system-out><![CDATA[
Scenario: GET - As an admin I shouldn't be able to see posts rating with invalid url &amp#27;[90m# src/test/resources/features/User_RatingandComment.feature:26&amp#27;[0m
18:26:17.106 [main] DEBUG io.cucumber.core.plugin.SerenityReporter - Running feature from file:///C:/Users/Dimas%20Rizqi%20Suryana/Mini_Project2/src/test/resources/features/User_RatingandComment.feature
18:26:17.107 [main] INFO  - 
  _____   ___   ___   _____     ___   _____     _     ___   _____   ___   ___  
 |_   _| | __| / __| |_   _|   / __| |_   _|   /_\   | _ \ |_   _| | __| |   \ 
   | |   | _|  \__ \   | |     \__ \   | |    / _ \  |   /   | |   | _|  | |) |
   |_|   |___| |___/   |_|     |___/   |_|   /_/ \_\ |_|_\   |_|   |___| |___/ 

GET - As an admin I shouldn't be able to see posts rating with invalid url(posts;get---as-an-admin-i-shouldn-t-be-able-to-see-posts-rating-with-invalid-url)
--------------------------------------------------------------------------------
18:26:17.114 [main] DEBUG net.thucydides.core.steps.StepInterceptor - STARTING STEP: User_RatingandComment_steps.setInvalidGetRatingApiEndpoints - I set typo GET rating api endpoints
18:26:17.115 [main] DEBUG net.thucydides.core.steps.StepInterceptor - STEP DONE: I set typo GET rating api endpoints
  &amp#27;[32mGiven &amp#27;[0m&amp#27;[32mI set typo GET rating api endpoints&amp#27;[0m                                          &amp#27;[90m# starter.stepdefinition.User_RatingandComment_steps.setInvalidGetRatingApiEndpoints()&amp#27;[0m
18:26:17.117 [main] DEBUG net.thucydides.core.steps.StepInterceptor - STARTING STEP: User_RatingandComment_steps.sendInvalidGetApiHttpRequest - I send typo GET rating HTTP request
18:26:17.119 [main] DEBUG net.thucydides.core.steps.StepInterceptor - STARTING STEP: GET_RatingComment.sendInvalidGetRatingHttpRequest - I set typo GET rating api endpoints
18:26:17.119 [main] DEBUG net.thucydides.core.steps.StepInterceptor - STEP DONE: I set typo GET rating api endpoints
18:26:17.130 [main] DEBUG org.apache.http.impl.conn.BasicClientConnectionManager - Get connection for route {s}->https://altashop-api.fly.dev:443
18:26:17.130 [main] DEBUG org.apache.http.impl.conn.DefaultClientConnectionOperator - Connecting to altashop-api.fly.dev:443
18:26:17.177 [main] DEBUG org.apache.http.client.protocol.RequestAddCookies - CookieSpec selected: ignoreCookies
18:26:17.177 [main] DEBUG org.apache.http.client.protocol.RequestAuthCache - Auth cache not set in the context
18:26:17.177 [main] DEBUG org.apache.http.client.protocol.RequestTargetAuthentication - Target auth state: UNCHALLENGED
18:26:17.177 [main] DEBUG org.apache.http.client.protocol.RequestProxyAuthentication - Proxy auth state: UNCHALLENGED
18:26:17.177 [main] DEBUG org.apache.http.impl.client.DefaultHttpClient - Attempt 1 to execute request
18:26:17.177 [main] DEBUG org.apache.http.impl.conn.DefaultClientConnection - Sending request: GET /api/products/1/rating HTTP/1.1
18:26:17.177 [main] DEBUG org.apache.http.wire -  >> "GET /api/products/1/rating HTTP/1.1[\r][\n]"
18:26:17.177 [main] DEBUG org.apache.http.wire -  >> "Accept: */*[\r][\n]"
18:26:17.177 [main] DEBUG org.apache.http.wire -  >> "Host: altashop-api.fly.dev[\r][\n]"
18:26:17.177 [main] DEBUG org.apache.http.wire -  >> "Connection: Keep-Alive[\r][\n]"
18:26:17.177 [main] DEBUG org.apache.http.wire -  >> "User-Agent: Apache-HttpClient/4.5.13 (Java/18.0.2.1)[\r][\n]"
18:26:17.177 [main] DEBUG org.apache.http.wire -  >> "Accept-Encoding: gzip,deflate[\r][\n]"
18:26:17.177 [main] DEBUG org.apache.http.wire -  >> "[\r][\n]"
18:26:17.177 [main] DEBUG org.apache.http.headers - >> GET /api/products/1/rating HTTP/1.1
18:26:17.177 [main] DEBUG org.apache.http.headers - >> Accept: */*
18:26:17.177 [main] DEBUG org.apache.http.headers - >> Host: altashop-api.fly.dev
18:26:17.177 [main] DEBUG org.apache.http.headers - >> Connection: Keep-Alive
18:26:17.177 [main] DEBUG org.apache.http.headers - >> User-Agent: Apache-HttpClient/4.5.13 (Java/18.0.2.1)
18:26:17.177 [main] DEBUG org.apache.http.headers - >> Accept-Encoding: gzip,deflate
18:26:17.199 [main] DEBUG org.apache.http.wire -  << "HTTP/1.1 404 Not Found[\r][\n]"
18:26:17.200 [main] DEBUG org.apache.http.wire -  << "date: Mon, 08 May 2023 11:26:19 GMT[\r][\n]"
18:26:17.200 [main] DEBUG org.apache.http.wire -  << "content-encoding: gzip[\r][\n]"
18:26:17.200 [main] DEBUG org.apache.http.wire -  << "content-type: text/plain; charset=utf-8[\r][\n]"
18:26:17.200 [main] DEBUG org.apache.http.wire -  << "transfer-encoding: chunked[\r][\n]"
18:26:17.200 [main] DEBUG org.apache.http.wire -  << "server: Fly/3f2597ca (2023-05-03)[\r][\n]"
18:26:17.200 [main] DEBUG org.apache.http.wire -  << "via: 1.1 fly.io[\r][\n]"
18:26:17.200 [main] DEBUG org.apache.http.wire -  << "fly-request-id: 01GZXHSHTDV4K60PR2FWBYVFTR-sin[\r][\n]"
18:26:17.200 [main] DEBUG org.apache.http.wire -  << "[\r][\n]"
18:26:17.200 [main] DEBUG org.apache.http.impl.conn.DefaultClientConnection - Receiving response: HTTP/1.1 404 Not Found
18:26:17.200 [main] DEBUG org.apache.http.headers - << HTTP/1.1 404 Not Found
18:26:17.200 [main] DEBUG org.apache.http.headers - << date: Mon, 08 May 2023 11:26:19 GMT
18:26:17.200 [main] DEBUG org.apache.http.headers - << content-encoding: gzip
18:26:17.200 [main] DEBUG org.apache.http.headers - << content-type: text/plain; charset=utf-8
18:26:17.200 [main] DEBUG org.apache.http.headers - << transfer-encoding: chunked
18:26:17.200 [main] DEBUG org.apache.http.headers - << server: Fly/3f2597ca (2023-05-03)
18:26:17.200 [main] DEBUG org.apache.http.headers - << via: 1.1 fly.io
18:26:17.200 [main] DEBUG org.apache.http.headers - << fly-request-id: 01GZXHSHTDV4K60PR2FWBYVFTR-sin
18:26:17.208 [main] DEBUG org.apache.http.impl.client.DefaultHttpClient - Connection can be kept alive indefinitely
18:26:17.208 [main] DEBUG io.restassured.internal.RestAssuredHttpBuilder - Parsing response as: text/plain; charset=utf-8
18:26:17.208 [main] DEBUG org.apache.http.wire -  << "1E[\r][\n]"
18:26:17.208 [main] DEBUG org.apache.http.wire -  << "[0x1f][0x8b][0x8][0x0][0x0][0x0][0x0][0x0][0x4][0xff][0xcb][0xcb]/QH[0xcb]/[0xcd]K[0xe1][0x2][0x0][0xd4]I[0xfa]r[\n]"
18:26:17.208 [main] DEBUG org.apache.http.wire -  << "[0x0][0x0][0x0]"
18:26:17.208 [main] DEBUG org.apache.http.wire -  << "[\r][\n]"
18:26:17.208 [main] DEBUG org.apache.http.wire -  << "0[\r][\n]"
18:26:17.208 [main] DEBUG org.apache.http.wire -  << "[\r][\n]"
18:26:17.208 [main] DEBUG io.restassured.internal.RestAssuredHttpBuilder - Parsed data to instance of: class org.apache.http.conn.EofSensorInputStream
18:26:17.209 [main] DEBUG org.apache.http.impl.conn.BasicClientConnectionManager - Releasing connection org.apache.http.impl.conn.ManagedClientConnectionImpl@6b92a0d1
18:26:17.210 [main] DEBUG org.apache.http.impl.conn.BasicClientConnectionManager - Connection can be kept alive indefinitely
18:26:17.210 [main] DEBUG net.thucydides.core.steps.StepInterceptor - STEP DONE: I send typo GET rating HTTP request
  &amp#27;[32mWhen &amp#27;[0m&amp#27;[32mI send typo GET rating HTTP request&amp#27;[0m                                           &amp#27;[90m# starter.stepdefinition.User_RatingandComment_steps.sendInvalidGetApiHttpRequest()&amp#27;[0m
18:26:17.216 [main] DEBUG net.thucydides.core.steps.StepInterceptor - STARTING STEP: User_produuct_steps.reciveInvalidHttpResponse - I receive invalid HTTP response code 404 Not Found
18:26:17.217 [main] DEBUG net.thucydides.core.steps.StepInterceptor - STEP DONE: I receive invalid HTTP response code 404 Not Found
  &amp#27;[32mThen &amp#27;[0m&amp#27;[32mI receive invalid HTTP response code 404 Not Found&amp#27;[0m                            &amp#27;[90m# starter.stepdefinition.User_produuct_steps.reciveInvalidHttpResponse()&amp#27;[0m
18:26:17.220 [main] DEBUG net.thucydides.core.steps.StepInterceptor - STARTING STEP: User_produuct_steps.reciveNothing - I receive nothing from the page
18:26:17.220 [main] DEBUG net.thucydides.core.steps.StepInterceptor - STEP DONE: I receive nothing from the page
  &amp#27;[32mAnd &amp#27;[0m&amp#27;[32mI receive nothing from the page&amp#27;[0m                                                &amp#27;[90m# starter.stepdefinition.User_produuct_steps.reciveNothing()&amp#27;[0m
18:26:17.222 [main] INFO  - 
  _____   ___   ___   _____     ___     _     ___   ___   ___   ___  
 |_   _| | __| / __| |_   _|   | _ \   /_\   / __| / __| | __| |   \ 
   | |   | _|  \__ \   | |     |  _/  / _ \  \__ \ \__ \ | _|  | |) |
   |_|   |___| |___/   |_|     |_|   /_/ \_\ |___/ |___/ |___| |___/ 

GET - As an admin I shouldn't be able to see posts rating with invalid url
----------------------------------------------------------------------
]]></system-out>
  </testcase>
  <testcase name="POST - As an admin I have be able to create new posts comment" classname="Posts #1" time="0.174">
    <system-out><![CDATA[
Scenario: POST - As an admin I have be able to create new posts comment &amp#27;[90m# src/test/resources/features/User_RatingandComment.feature:32&amp#27;[0m
18:26:17.228 [main] DEBUG io.cucumber.core.plugin.SerenityReporter - Running feature from file:///C:/Users/Dimas%20Rizqi%20Suryana/Mini_Project2/src/test/resources/features/User_RatingandComment.feature
18:26:17.231 [main] INFO  - 
  _____   ___   ___   _____     ___   _____     _     ___   _____   ___   ___  
 |_   _| | __| / __| |_   _|   / __| |_   _|   /_\   | _ \ |_   _| | __| |   \ 
   | |   | _|  \__ \   | |     \__ \   | |    / _ \  |   /   | |   | _|  | |) |
   |_|   |___| |___/   |_|     |___/   |_|   /_/ \_\ |_|_\   |_|   |___| |___/ 

POST - As an admin I have be able to create new posts comment(posts;post---as-an-admin-i-have-be-able-to-create-new-posts-comment)
--------------------------------------------------------------------------------
18:26:17.238 [main] DEBUG net.thucydides.core.steps.StepInterceptor - STARTING STEP: User_RatingandComment_steps.sendPostCommantHttpRequest - I send POST commant HTTP request
18:26:17.240 [main] DEBUG net.thucydides.core.steps.StepInterceptor - STARTING STEP: POST_Commant.sendPostCommantHttpRequest - I set POST commant api endpoints
18:26:17.241 [main] DEBUG net.thucydides.core.steps.StepInterceptor - STEP DONE: I set POST commant api endpoints
18:26:17.255 [main] DEBUG org.apache.http.impl.conn.BasicClientConnectionManager - Get connection for route {s}->https://altashop-api.fly.dev:443
18:26:17.257 [main] DEBUG org.apache.http.impl.conn.DefaultClientConnectionOperator - Connecting to altashop-api.fly.dev:443
18:26:17.349 [main] DEBUG org.apache.http.client.protocol.RequestAddCookies - CookieSpec selected: ignoreCookies
18:26:17.350 [main] DEBUG org.apache.http.client.protocol.RequestAuthCache - Auth cache not set in the context
18:26:17.350 [main] DEBUG org.apache.http.client.protocol.RequestProxyAuthentication - Proxy auth state: UNCHALLENGED
18:26:17.350 [main] DEBUG org.apache.http.impl.client.DefaultHttpClient - Attempt 1 to execute request
18:26:17.350 [main] DEBUG org.apache.http.impl.conn.DefaultClientConnection - Sending request: POST /api/products/13369/comments HTTP/1.1
18:26:17.350 [main] DEBUG org.apache.http.wire -  >> "POST /api/products/13369/comments HTTP/1.1[\r][\n]"
18:26:17.350 [main] DEBUG org.apache.http.wire -  >> "Authorization: Bearer eyJhbGciOiJIUzI1NiIsInR5cCI6IkpXVCJ9.eyJGdWxsbmFtZSI6IkpvaG4gRG9lIiwiRW1haWwiOiJzb21lb25lQG1haWwuY29tIn0.WvBSxcQEqqniC1v08LzkrHcELegs0b7vtjGPWiaEWcI[\r][\n]"
18:26:17.350 [main] DEBUG org.apache.http.wire -  >> "Conten-Type: aplication/json[\r][\n]"
18:26:17.350 [main] DEBUG org.apache.http.wire -  >> "Accept: */*[\r][\n]"
18:26:17.350 [main] DEBUG org.apache.http.wire -  >> "Content-Type: text/plain; charset=ISO-8859-1[\r][\n]"
18:26:17.350 [main] DEBUG org.apache.http.wire -  >> "Content-Length: 87[\r][\n]"
18:26:17.350 [main] DEBUG org.apache.http.wire -  >> "Host: altashop-api.fly.dev[\r][\n]"
18:26:17.350 [main] DEBUG org.apache.http.wire -  >> "Connection: Keep-Alive[\r][\n]"
18:26:17.350 [main] DEBUG org.apache.http.wire -  >> "User-Agent: Apache-HttpClient/4.5.13 (Java/18.0.2.1)[\r][\n]"
18:26:17.350 [main] DEBUG org.apache.http.wire -  >> "Accept-Encoding: gzip,deflate[\r][\n]"
18:26:17.351 [main] DEBUG org.apache.http.wire -  >> "[\r][\n]"
18:26:17.351 [main] DEBUG org.apache.http.headers - >> POST /api/products/13369/comments HTTP/1.1
18:26:17.351 [main] DEBUG org.apache.http.headers - >> Authorization: Bearer eyJhbGciOiJIUzI1NiIsInR5cCI6IkpXVCJ9.eyJGdWxsbmFtZSI6IkpvaG4gRG9lIiwiRW1haWwiOiJzb21lb25lQG1haWwuY29tIn0.WvBSxcQEqqniC1v08LzkrHcELegs0b7vtjGPWiaEWcI
18:26:17.351 [main] DEBUG org.apache.http.headers - >> Conten-Type: aplication/json
18:26:17.351 [main] DEBUG org.apache.http.headers - >> Accept: */*
18:26:17.351 [main] DEBUG org.apache.http.headers - >> Content-Type: text/plain; charset=ISO-8859-1
18:26:17.351 [main] DEBUG org.apache.http.headers - >> Content-Length: 87
18:26:17.351 [main] DEBUG org.apache.http.headers - >> Host: altashop-api.fly.dev
18:26:17.351 [main] DEBUG org.apache.http.headers - >> Connection: Keep-Alive
18:26:17.351 [main] DEBUG org.apache.http.headers - >> User-Agent: Apache-HttpClient/4.5.13 (Java/18.0.2.1)
18:26:17.351 [main] DEBUG org.apache.http.headers - >> Accept-Encoding: gzip,deflate
18:26:17.351 [main] DEBUG org.apache.http.wire -  >> "{"content":"the games are great including Gran Turismo 7 but sadly GT4 is much better"}"
18:26:17.377 [main] DEBUG org.apache.http.wire -  << "HTTP/1.1 200 OK[\r][\n]"
18:26:17.377 [main] DEBUG org.apache.http.wire -  << "content-type: application/json[\r][\n]"
18:26:17.377 [main] DEBUG org.apache.http.wire -  << "date: Mon, 08 May 2023 11:26:20 GMT[\r][\n]"
18:26:17.377 [main] DEBUG org.apache.http.wire -  << "content-encoding: gzip[\r][\n]"
18:26:17.377 [main] DEBUG org.apache.http.wire -  << "transfer-encoding: chunked[\r][\n]"
18:26:17.377 [main] DEBUG org.apache.http.wire -  << "server: Fly/3f2597ca (2023-05-03)[\r][\n]"
18:26:17.377 [main] DEBUG org.apache.http.wire -  << "via: 1.1 fly.io[\r][\n]"
18:26:17.377 [main] DEBUG org.apache.http.wire -  << "fly-request-id: 01GZXHSHZTJGPWT9E2SS5N62EV-sin[\r][\n]"
18:26:17.377 [main] DEBUG org.apache.http.wire -  << "[\r][\n]"
18:26:17.377 [main] DEBUG org.apache.http.impl.conn.DefaultClientConnection - Receiving response: HTTP/1.1 200 OK
18:26:17.377 [main] DEBUG org.apache.http.headers - << HTTP/1.1 200 OK
18:26:17.377 [main] DEBUG org.apache.http.headers - << content-type: application/json
18:26:17.377 [main] DEBUG org.apache.http.headers - << date: Mon, 08 May 2023 11:26:20 GMT
18:26:17.377 [main] DEBUG org.apache.http.headers - << content-encoding: gzip
18:26:17.377 [main] DEBUG org.apache.http.headers - << transfer-encoding: chunked
18:26:17.377 [main] DEBUG org.apache.http.headers - << server: Fly/3f2597ca (2023-05-03)
18:26:17.377 [main] DEBUG org.apache.http.headers - << via: 1.1 fly.io
18:26:17.377 [main] DEBUG org.apache.http.headers - << fly-request-id: 01GZXHSHZTJGPWT9E2SS5N62EV-sin
18:26:17.378 [main] DEBUG org.apache.http.impl.client.DefaultHttpClient - Connection can be kept alive indefinitely
18:26:17.378 [main] DEBUG io.restassured.internal.RestAssuredHttpBuilder - Parsing response as: application/json
18:26:17.378 [main] DEBUG org.apache.http.wire -  << "9E[\r][\n]"
18:26:17.378 [main] DEBUG org.apache.http.wire -  << "[0x1f][0x8b][0x8][0x0][0x0][0x0][0x0][0x0][0x4][0xff][0xab]VJI,IT[0xb2][0xaa]V[0xf2]tQ[0xb2]244[0xb4][0xb4][0xd0]Qr[0xce][0xcf]+I[0xcd]+Q[0xb2]R*[0xc9]HUHO[0xcc]M-VH,JUH/JM,Q[0xc8][0xcc]K[0xce])M[0xc9][0xcc]KWp/J[0xcc]S[0x8])-[0xca],[0xce][0xcd]W0WH*-Q(NL[0xc9][0xa9]Tp[0xf]1Q[0xc8],V[0xc8]-M[0xce]PHJ-)I-R[0xd2]Q[\n]"
18:26:17.378 [main] DEBUG org.apache.http.wire -  << "-N-R[0xb2][0xca]+[0xcd][0xc9][0xd1]Q[\n]"
18:26:17.378 [main] DEBUG org.apache.http.wire -  << "([0xca]O)M.[0x81]q[0x9d][0xf3]ss[0xc1][0x16][0x82]dkk[0xb9][0x0][0xc6][0x96][0x83][0xce][0x96][0x0][0x0][0x0]"
18:26:17.378 [main] DEBUG org.apache.http.wire -  << "[\r][\n]"
18:26:17.378 [main] DEBUG org.apache.http.wire -  << "0[\r][\n]"
18:26:17.378 [main] DEBUG org.apache.http.wire -  << "[\r][\n]"
18:26:17.378 [main] DEBUG io.restassured.internal.RestAssuredHttpBuilder - Parsed data to instance of: class org.apache.http.conn.EofSensorInputStream
18:26:17.380 [main] DEBUG org.apache.http.impl.conn.BasicClientConnectionManager - Releasing connection org.apache.http.impl.conn.ManagedClientConnectionImpl@1610c03c
18:26:17.380 [main] DEBUG org.apache.http.impl.conn.BasicClientConnectionManager - Connection can be kept alive indefinitely
18:26:17.381 [main] DEBUG net.thucydides.core.steps.StepInterceptor - STEP DONE: I send POST commant HTTP request
  &amp#27;[32mWhen &amp#27;[0m&amp#27;[32mI send POST commant HTTP request&amp#27;[0m                                 &amp#27;[90m# starter.stepdefinition.User_RatingandComment_steps.sendPostCommantHttpRequest()&amp#27;[0m
18:26:17.390 [main] DEBUG net.thucydides.core.steps.StepInterceptor - STARTING STEP: User_produuct_steps.reciveValidHttp201 - I receive valid HTTP response code 201
18:26:17.391 [main] DEBUG net.thucydides.core.steps.StepInterceptor - STEP DONE: I receive valid HTTP response code 201
  &amp#27;[32mThen &amp#27;[0m&amp#27;[32mI receive valid HTTP response code 201&amp#27;[0m                           &amp#27;[90m# starter.stepdefinition.User_produuct_steps.reciveValidHttp201()&amp#27;[0m
18:26:17.393 [main] DEBUG net.thucydides.core.steps.StepInterceptor - STARTING STEP: User_RatingandComment_steps.setPostCommantApiEndpoints - I set POST commant api endpoints
18:26:17.394 [main] DEBUG net.thucydides.core.steps.StepInterceptor - STEP DONE: I set POST commant api endpoints
  &amp#27;[32mGiven &amp#27;[0m&amp#27;[32mI set POST commant api endpoints&amp#27;[0m                                &amp#27;[90m# starter.stepdefinition.User_RatingandComment_steps.setPostCommantApiEndpoints()&amp#27;[0m
18:26:17.396 [main] INFO  - 
  _____   ___   ___   _____     ___     _     ___   ___   ___   ___  
 |_   _| | __| / __| |_   _|   | _ \   /_\   / __| / __| | __| |   \ 
   | |   | _|  \__ \   | |     |  _/  / _ \  \__ \ \__ \ | _|  | |) |
   |_|   |___| |___/   |_|     |_|   /_/ \_\ |___/ |___/ |___| |___/ 

POST - As an admin I have be able to create new posts comment
----------------------------------------------------------------------
]]></system-out>
  </testcase>
  <testcase name="POST - As an admin I shouldn&apos;t be able to create new posts commant with invalid url" classname="Posts #1" time="0.163">
    <system-out><![CDATA[
Scenario: POST - As an admin I shouldn't be able to create new posts commant with invalid url &amp#27;[90m# src/test/resources/features/User_RatingandComment.feature:38&amp#27;[0m
18:26:17.404 [main] DEBUG io.cucumber.core.plugin.SerenityReporter - Running feature from file:///C:/Users/Dimas%20Rizqi%20Suryana/Mini_Project2/src/test/resources/features/User_RatingandComment.feature
18:26:17.409 [main] INFO  - 
  _____   ___   ___   _____     ___   _____     _     ___   _____   ___   ___  
 |_   _| | __| / __| |_   _|   / __| |_   _|   /_\   | _ \ |_   _| | __| |   \ 
   | |   | _|  \__ \   | |     \__ \   | |    / _ \  |   /   | |   | _|  | |) |
   |_|   |___| |___/   |_|     |___/   |_|   /_/ \_\ |_|_\   |_|   |___| |___/ 

POST - As an admin I shouldn't be able to create new posts commant with invalid url(posts;post---as-an-admin-i-shouldn-t-be-able-to-create-new-posts-commant-with-invalid-url)
--------------------------------------------------------------------------------
18:26:17.428 [main] DEBUG net.thucydides.core.steps.StepInterceptor - STARTING STEP: User_RatingandComment_steps.setInvalidPostCommantEndpoints - I set typo POST commant api endpoints
18:26:17.430 [main] DEBUG net.thucydides.core.steps.StepInterceptor - STEP DONE: I set typo POST commant api endpoints
  &amp#27;[32mGiven &amp#27;[0m&amp#27;[32mI set typo POST commant api endpoints&amp#27;[0m                                                 &amp#27;[90m# starter.stepdefinition.User_RatingandComment_steps.setInvalidPostCommantEndpoints()&amp#27;[0m
18:26:17.451 [main] DEBUG net.thucydides.core.steps.StepInterceptor - STARTING STEP: User_produuct_steps.sendPostInvalidHttpRequest - I send typo POST HTTP request
18:26:17.454 [main] DEBUG net.thucydides.core.steps.StepInterceptor - STARTING STEP: POST_Product.sendInvalidPostHttpRequest - I set typo POST api endpoints
18:26:17.455 [main] DEBUG net.thucydides.core.steps.StepInterceptor - STEP DONE: I set typo POST api endpoints
18:26:17.470 [main] DEBUG org.apache.http.impl.conn.BasicClientConnectionManager - Get connection for route {s}->https://altashop-api.fly.dev:443
18:26:17.470 [main] DEBUG org.apache.http.impl.conn.DefaultClientConnectionOperator - Connecting to altashop-api.fly.dev:443
18:26:17.527 [main] DEBUG org.apache.http.client.protocol.RequestAddCookies - CookieSpec selected: ignoreCookies
18:26:17.527 [main] DEBUG org.apache.http.client.protocol.RequestAuthCache - Auth cache not set in the context
18:26:17.527 [main] DEBUG org.apache.http.client.protocol.RequestTargetAuthentication - Target auth state: UNCHALLENGED
18:26:17.527 [main] DEBUG org.apache.http.client.protocol.RequestProxyAuthentication - Proxy auth state: UNCHALLENGED
18:26:17.527 [main] DEBUG org.apache.http.impl.client.DefaultHttpClient - Attempt 1 to execute request
18:26:17.527 [main] DEBUG org.apache.http.impl.conn.DefaultClientConnection - Sending request: GET /api/product HTTP/1.1
18:26:17.527 [main] DEBUG org.apache.http.wire -  >> "GET /api/product HTTP/1.1[\r][\n]"
18:26:17.527 [main] DEBUG org.apache.http.wire -  >> "Accept: */*[\r][\n]"
18:26:17.527 [main] DEBUG org.apache.http.wire -  >> "Host: altashop-api.fly.dev[\r][\n]"
18:26:17.527 [main] DEBUG org.apache.http.wire -  >> "Connection: Keep-Alive[\r][\n]"
18:26:17.527 [main] DEBUG org.apache.http.wire -  >> "User-Agent: Apache-HttpClient/4.5.13 (Java/18.0.2.1)[\r][\n]"
18:26:17.527 [main] DEBUG org.apache.http.wire -  >> "Accept-Encoding: gzip,deflate[\r][\n]"
18:26:17.527 [main] DEBUG org.apache.http.wire -  >> "[\r][\n]"
18:26:17.527 [main] DEBUG org.apache.http.headers - >> GET /api/product HTTP/1.1
18:26:17.527 [main] DEBUG org.apache.http.headers - >> Accept: */*
18:26:17.527 [main] DEBUG org.apache.http.headers - >> Host: altashop-api.fly.dev
18:26:17.527 [main] DEBUG org.apache.http.headers - >> Connection: Keep-Alive
18:26:17.527 [main] DEBUG org.apache.http.headers - >> User-Agent: Apache-HttpClient/4.5.13 (Java/18.0.2.1)
18:26:17.527 [main] DEBUG org.apache.http.headers - >> Accept-Encoding: gzip,deflate
18:26:17.549 [main] DEBUG org.apache.http.wire -  << "HTTP/1.1 404 Not Found[\r][\n]"
18:26:17.549 [main] DEBUG org.apache.http.wire -  << "date: Mon, 08 May 2023 11:26:20 GMT[\r][\n]"
18:26:17.549 [main] DEBUG org.apache.http.wire -  << "content-encoding: gzip[\r][\n]"
18:26:17.549 [main] DEBUG org.apache.http.wire -  << "content-type: text/plain; charset=utf-8[\r][\n]"
18:26:17.549 [main] DEBUG org.apache.http.wire -  << "transfer-encoding: chunked[\r][\n]"
18:26:17.549 [main] DEBUG org.apache.http.wire -  << "server: Fly/3f2597ca (2023-05-03)[\r][\n]"
18:26:17.549 [main] DEBUG org.apache.http.wire -  << "via: 1.1 fly.io[\r][\n]"
18:26:17.549 [main] DEBUG org.apache.http.wire -  << "fly-request-id: 01GZXHSJ5AXFGK513NF871GV24-sin[\r][\n]"
18:26:17.549 [main] DEBUG org.apache.http.wire -  << "[\r][\n]"
18:26:17.549 [main] DEBUG org.apache.http.impl.conn.DefaultClientConnection - Receiving response: HTTP/1.1 404 Not Found
18:26:17.549 [main] DEBUG org.apache.http.headers - << HTTP/1.1 404 Not Found
18:26:17.549 [main] DEBUG org.apache.http.headers - << date: Mon, 08 May 2023 11:26:20 GMT
18:26:17.549 [main] DEBUG org.apache.http.headers - << content-encoding: gzip
18:26:17.549 [main] DEBUG org.apache.http.headers - << content-type: text/plain; charset=utf-8
18:26:17.549 [main] DEBUG org.apache.http.headers - << transfer-encoding: chunked
18:26:17.549 [main] DEBUG org.apache.http.headers - << server: Fly/3f2597ca (2023-05-03)
18:26:17.549 [main] DEBUG org.apache.http.headers - << via: 1.1 fly.io
18:26:17.549 [main] DEBUG org.apache.http.headers - << fly-request-id: 01GZXHSJ5AXFGK513NF871GV24-sin
18:26:17.549 [main] DEBUG org.apache.http.impl.client.DefaultHttpClient - Connection can be kept alive indefinitely
18:26:17.549 [main] DEBUG io.restassured.internal.RestAssuredHttpBuilder - Parsing response as: text/plain; charset=utf-8
18:26:17.549 [main] DEBUG org.apache.http.wire -  << "1E[\r][\n]"
18:26:17.549 [main] DEBUG org.apache.http.wire -  << "[0x1f][0x8b][0x8][0x0][0x0][0x0][0x0][0x0][0x4][0xff][0xcb][0xcb]/QH[0xcb]/[0xcd]K[0xe1][0x2][0x0][0xd4]I[0xfa]r[\n]"
18:26:17.549 [main] DEBUG org.apache.http.wire -  << "[0x0][0x0][0x0]"
18:26:17.549 [main] DEBUG org.apache.http.wire -  << "[\r][\n]"
18:26:17.549 [main] DEBUG org.apache.http.wire -  << "0[\r][\n]"
18:26:17.549 [main] DEBUG org.apache.http.wire -  << "[\r][\n]"
18:26:17.549 [main] DEBUG io.restassured.internal.RestAssuredHttpBuilder - Parsed data to instance of: class org.apache.http.conn.EofSensorInputStream
18:26:17.551 [main] DEBUG org.apache.http.impl.conn.BasicClientConnectionManager - Releasing connection org.apache.http.impl.conn.ManagedClientConnectionImpl@55cb3b7
18:26:17.551 [main] DEBUG org.apache.http.impl.conn.BasicClientConnectionManager - Connection can be kept alive indefinitely
18:26:17.551 [main] DEBUG net.thucydides.core.steps.StepInterceptor - STEP DONE: I send typo POST HTTP request
  &amp#27;[32mWhen &amp#27;[0m&amp#27;[32mI send typo POST HTTP request&amp#27;[0m                                                          &amp#27;[90m# starter.stepdefinition.User_produuct_steps.sendPostInvalidHttpRequest()&amp#27;[0m
18:26:17.555 [main] DEBUG net.thucydides.core.steps.StepInterceptor - STARTING STEP: User_produuct_steps.reciveInvalidHttpResponse - I receive invalid HTTP response code 404 Not Found
18:26:17.555 [main] DEBUG net.thucydides.core.steps.StepInterceptor - STEP DONE: I receive invalid HTTP response code 404 Not Found
  &amp#27;[32mThen &amp#27;[0m&amp#27;[32mI receive invalid HTTP response code 404 Not Found&amp#27;[0m                                     &amp#27;[90m# starter.stepdefinition.User_produuct_steps.reciveInvalidHttpResponse()&amp#27;[0m
18:26:17.557 [main] DEBUG net.thucydides.core.steps.StepInterceptor - STARTING STEP: User_produuct_steps.reciveNothing - I receive nothing from the page
18:26:17.558 [main] DEBUG net.thucydides.core.steps.StepInterceptor - STEP DONE: I receive nothing from the page
  &amp#27;[32mAnd &amp#27;[0m&amp#27;[32mI receive nothing from the page&amp#27;[0m                                                         &amp#27;[90m# starter.stepdefinition.User_produuct_steps.reciveNothing()&amp#27;[0m
18:26:17.559 [main] INFO  - 
  _____   ___   ___   _____     ___     _     ___   ___   ___   ___  
 |_   _| | __| / __| |_   _|   | _ \   /_\   / __| / __| | __| |   \ 
   | |   | _|  \__ \   | |     |  _/  / _ \  \__ \ \__ \ | _|  | |) |
   |_|   |___| |___/   |_|     |_|   /_/ \_\ |___/ |___/ |___| |___/ 

POST - As an admin I shouldn't be able to create new posts commant with invalid url
----------------------------------------------------------------------
]]></system-out>
  </testcase>
  <testcase name="GET - As an admin I have be able to see posts number 1" classname="Posts #2" time="0.437">
    <system-out><![CDATA[18:26:17.562 [main] DEBUG io.cucumber.core.plugin.SerenityReporter - Running feature from file:///C:/Users/Dimas%20Rizqi%20Suryana/Mini_Project2/src/test/resources/features/User_product.feature
18:26:17.564 [main] DEBUG net.thucydides.core.steps.StepEventBus - Test suite started for story net.thucydides.core.model.Story@b5097730
18:26:17.565 [main] INFO  - Test Suite Started: Posts

Scenario: GET - As an admin I have be able to see posts number 1 &amp#27;[90m# src/test/resources/features/User_product.feature:7&amp#27;[0m
18:26:17.572 [main] DEBUG io.cucumber.core.plugin.SerenityReporter - Running feature from file:///C:/Users/Dimas%20Rizqi%20Suryana/Mini_Project2/src/test/resources/features/User_product.feature
18:26:17.574 [main] INFO  - 
  _____   ___   ___   _____     ___   _____     _     ___   _____   ___   ___  
 |_   _| | __| / __| |_   _|   / __| |_   _|   /_\   | _ \ |_   _| | __| |   \ 
   | |   | _|  \__ \   | |     \__ \   | |    / _ \  |   /   | |   | _|  | |) |
   |_|   |___| |___/   |_|     |___/   |_|   /_/ \_\ |_|_\   |_|   |___| |___/ 

GET - As an admin I have be able to see posts number 1(posts;get---as-an-admin-i-have-be-able-to-see-posts-number-1)
--------------------------------------------------------------------------------
18:26:17.601 [main] DEBUG net.thucydides.core.steps.StepInterceptor - STARTING STEP: User_produuct_steps.setGetApiEndpoints - I set GET api endpoints
18:26:17.602 [main] DEBUG net.thucydides.core.steps.StepInterceptor - STEP DONE: I set GET api endpoints
  &amp#27;[32mGiven &amp#27;[0m&amp#27;[32mI set GET api endpoints&amp#27;[0m                                  &amp#27;[90m# starter.stepdefinition.User_produuct_steps.setGetApiEndpoints()&amp#27;[0m
18:26:17.607 [main] DEBUG net.thucydides.core.steps.StepInterceptor - STARTING STEP: User_produuct_steps.sendGetHttpRequest - I send GET HTTP request
18:26:17.608 [main] DEBUG net.thucydides.core.steps.StepInterceptor - STARTING STEP: GET_Product.setGetHttpRequest - I set GET api endpoints
18:26:17.608 [main] DEBUG net.thucydides.core.steps.StepInterceptor - STEP DONE: I set GET api endpoints
18:26:17.621 [main] DEBUG org.apache.http.impl.conn.BasicClientConnectionManager - Get connection for route {s}->https://altashop-api.fly.dev:443
18:26:17.621 [main] DEBUG org.apache.http.impl.conn.DefaultClientConnectionOperator - Connecting to altashop-api.fly.dev:443
18:26:17.667 [main] DEBUG org.apache.http.client.protocol.RequestAddCookies - CookieSpec selected: ignoreCookies
18:26:17.667 [main] DEBUG org.apache.http.client.protocol.RequestAuthCache - Auth cache not set in the context
18:26:17.667 [main] DEBUG org.apache.http.client.protocol.RequestTargetAuthentication - Target auth state: UNCHALLENGED
18:26:17.667 [main] DEBUG org.apache.http.client.protocol.RequestProxyAuthentication - Proxy auth state: UNCHALLENGED
18:26:17.667 [main] DEBUG org.apache.http.impl.client.DefaultHttpClient - Attempt 1 to execute request
18:26:17.667 [main] DEBUG org.apache.http.impl.conn.DefaultClientConnection - Sending request: GET /api/products HTTP/1.1
18:26:17.668 [main] DEBUG org.apache.http.wire -  >> "GET /api/products HTTP/1.1[\r][\n]"
18:26:17.668 [main] DEBUG org.apache.http.wire -  >> "Accept: */*[\r][\n]"
18:26:17.668 [main] DEBUG org.apache.http.wire -  >> "Host: altashop-api.fly.dev[\r][\n]"
18:26:17.668 [main] DEBUG org.apache.http.wire -  >> "Connection: Keep-Alive[\r][\n]"
18:26:17.668 [main] DEBUG org.apache.http.wire -  >> "User-Agent: Apache-HttpClient/4.5.13 (Java/18.0.2.1)[\r][\n]"
18:26:17.668 [main] DEBUG org.apache.http.wire -  >> "Accept-Encoding: gzip,deflate[\r][\n]"
18:26:17.668 [main] DEBUG org.apache.http.wire -  >> "[\r][\n]"
18:26:17.668 [main] DEBUG org.apache.http.headers - >> GET /api/products HTTP/1.1
18:26:17.668 [main] DEBUG org.apache.http.headers - >> Accept: */*
18:26:17.668 [main] DEBUG org.apache.http.headers - >> Host: altashop-api.fly.dev
18:26:17.668 [main] DEBUG org.apache.http.headers - >> Connection: Keep-Alive
18:26:17.668 [main] DEBUG org.apache.http.headers - >> User-Agent: Apache-HttpClient/4.5.13 (Java/18.0.2.1)
18:26:17.668 [main] DEBUG org.apache.http.headers - >> Accept-Encoding: gzip,deflate
18:26:17.919 [main] DEBUG org.apache.http.wire -  << "HTTP/1.1 200 OK[\r][\n]"
18:26:17.919 [main] DEBUG org.apache.http.wire -  << "content-type: application/json[\r][\n]"
18:26:17.919 [main] DEBUG org.apache.http.wire -  << "date: Mon, 08 May 2023 11:26:20 GMT[\r][\n]"
18:26:17.919 [main] DEBUG org.apache.http.wire -  << "transfer-encoding: chunked[\r][\n]"
18:26:17.919 [main] DEBUG org.apache.http.wire -  << "content-encoding: gzip[\r][\n]"
18:26:17.919 [main] DEBUG org.apache.http.wire -  << "server: Fly/3f2597ca (2023-05-03)[\r][\n]"
18:26:17.919 [main] DEBUG org.apache.http.wire -  << "via: 1.1 fly.io[\r][\n]"
18:26:17.919 [main] DEBUG org.apache.http.wire -  << "fly-request-id: 01GZXHSJ9QP9T1NTASXNQA91CT-sin[\r][\n]"
18:26:17.919 [main] DEBUG org.apache.http.wire -  << "[\r][\n]"
18:26:17.919 [main] DEBUG org.apache.http.impl.conn.DefaultClientConnection - Receiving response: HTTP/1.1 200 OK
18:26:17.919 [main] DEBUG org.apache.http.headers - << HTTP/1.1 200 OK
18:26:17.919 [main] DEBUG org.apache.http.headers - << content-type: application/json
18:26:17.919 [main] DEBUG org.apache.http.headers - << date: Mon, 08 May 2023 11:26:20 GMT
18:26:17.919 [main] DEBUG org.apache.http.headers - << transfer-encoding: chunked
18:26:17.919 [main] DEBUG org.apache.http.headers - << content-encoding: gzip
18:26:17.919 [main] DEBUG org.apache.http.headers - << server: Fly/3f2597ca (2023-05-03)
18:26:17.919 [main] DEBUG org.apache.http.headers - << via: 1.1 fly.io
18:26:17.919 [main] DEBUG org.apache.http.headers - << fly-request-id: 01GZXHSJ9QP9T1NTASXNQA91CT-sin
18:26:17.920 [main] DEBUG org.apache.http.impl.client.DefaultHttpClient - Connection can be kept alive indefinitely
18:26:17.920 [main] DEBUG io.restassured.internal.RestAssuredHttpBuilder - Parsing response as: application/json
18:26:17.920 [main] DEBUG org.apache.http.wire -  << "20E[\r][\n]"
18:26:17.920 [main] DEBUG org.apache.http.wire -  << "[0x1f][0x8b][0x8][0x0][0x0][0x0][0x0][0x0][0x4][0xff][0xaa]VJI,IT[0xb2][0x8a][0xae]V[0xf2]tQ[0xb2]24663[0xd1]Q[0xf2]K[0xcc]MU[0xb2]R[\n]"
18:26:17.920 [main] DEBUG org.apache.http.wire -  << "[0xce][0xcf][0xab]T[0x8][0x8]6U[0xd2]QrI-N.[0xca],([0xc9][0xcc][0xcf]S[0xb2]R*[0xc8]I[0xac]T[0xc8]H,V[0xc8][0xcb]W[0xc8][0xc9][0xcc][0xcd],)V[0xd2]Q[\n]"
18:26:17.920 [main] DEBUG org.apache.http.wire -  << "([0xca]LNU[0xb2]2[0xb2][0xb4][0xd4]Q[\n]"
18:26:17.920 [main] DEBUG org.apache.http.wire -  << "J,[0xc9][0xcc]K/V[0xb2]2[0xd1]QrN,IM[0xcf]/[0xca]L-V[0xb2][0x8a][0x8e][0xad][0xd5]A[0xd8]d[0x9][0xb7][0xa9]$[0xb5][0x18][0xa4]A[0xa1][0xa0](?[0xa5]4[0xb9][0x4][0xc3][0xc2][0x92][0x8c][0xcc]b[0x85][0xcc]b[0x85][0x92][0x8c]T[0x98][0x1a][0x85][0x14]$'[0xc1]m7@[0xb2][0xdb][0x18][0x8f][0xdd][0xe6][0x86][0xd4][0xb7][0xdb][0xd0][0xc0][0xc0][0x0][0xd9]~S|[0xf6][0x1b][0xd1][0xc6]~$[0xef][0xe3][0xb5][0x1e][0x11][0xc9]T[0xb]z[0x92][0xbc]oN[0x1b][0xef]#[0x7][0xbf][0x1][0xbe][0xe0][0xb7][0xa0][0xbd][0xfd][0xf8][0x92][0xbe]9[\r][0x92]>z[0xf8][0xe3][0xf3][0xbf][0x85][0xc1][0xc0][0xfa][0xdf][0x82]F[0xc9][0x9f][0xd8][0xf8][0xb7]0[0xa6][0xbd][0xff][0xf1][0x86]?"[0xff]y[0x4]([0xe4]f[0x96][0xe4]c[0x14]y[0xe0]2[0xb6]$[0xb5]()13[0x1b]Q[0xba][0x9a][0x9a][0x99]#eq[0xbc]V [0xb2]X[0x84][0x93][0x84]![0x86][0x5][0x8]CMP[0x8a]l[0xf4]r[0x3]Z^[0x1b][0x99][0x9a] [0xca]L[0xf7][0xc4][0xdc][0xcc][0xbc]t[0xc]#[0xdd][0xf2][0x8b][0x14][0xd2][0xc1]R[\n]"
18:26:17.920 [main] DEBUG org.apache.http.wire -  << "[0x5][0xa5]E[0x5][0xf9][0xc5][0xa9][0xc5]J[0xb5][0xc8]E[0xbe][0x5]"[0xdd]S[0xa1]r[0xc1]W[0xc0]["b8 X[0x1][0xb3][\n]"
18:26:17.920 [main] DEBUG org.apache.http.wire -  << "KO[0xcc]MU0U(.I,[0xc2][0x15][0x10][0xf8]2[0xb0]%"[0x2][0xdd]J[0x8b][0xf2]2KJ[0x8b]R[0x15]B[0xf2][0xb]0[0x83][0x4].[0x9b][0x92]X[0x94][0xa9][0xe0][0x95]Z[0x90]X[0x94][0x88][0xb0][0xd1][0xd0][0x4][0xb9][0xb6][0xc4][0x13][0x9f]&[0xa0][0xaa][0x85]z[0xf5]2^[0x9b][0x10][0xf1]L/[0xbf]!"[0x8b][\n]"
18:26:17.920 [main] DEBUG org.apache.http.wire -  << "[0xc9][0x2][0xaf][0xdf][0x10][0xf1][0x16]P[0x94][0x98]\[0x92][0x99][0x9c][0x98][0xa3][0x10][0x9e][0x9f][0x9f][0x92][0x9a][0xa7][0xe0][0x9d][0x97][0x99][0x96][0x8a][0x11][0x81][0x8e]9[0x99][0x89][0xc5][\n]"
18:26:17.920 [main] DEBUG org.apache.http.wire -  << "i[0xa5][0xe9][0x89][\n]"
18:26:17.920 [main] DEBUG org.apache.http.wire -  << "[0xa5]%zH1[0x7][0x8a][0x10]x;[0x7][0xaf][0x9d][0x88][0x9c][0xe8]Y[0x90][0x91][0x9f][0x97][0xaa]`h[0xa8]`f[0xa2][0x90][0x9e][0x84]a[0x19]8[0xd3][0x13][0xd5][0xb0][0xc2]k!"[0x97][0xc1],4[0xa2][0xa6][0x85][0x0][0x0][0x0][0x0][0xff][0xff]"
18:26:17.920 [main] DEBUG org.apache.http.wire -  << "[\r][\n]"
18:26:17.920 [main] DEBUG org.apache.http.wire -  << "463[\r][\n]"
18:26:17.920 [main] DEBUG org.apache.http.wire -  << "Bo[0xc9][0x99][0x18]"[0xaa][0x13][0x98][0x85][0xb4][0xf5][0xa1]!"[0x89][0xd2][0xc9]BSx[0x85][0x1]M[0xa1][0xe6]4[0x8a]<CDj[0x9]H[0xcc]I[0xf4][0xc9][0xf7][0x1][0x15][0x17]8[0xda][0xdf]X[0x1a][0xdf][0xc6][0xc6]H[0x15][0x4][0x9e]"[0xcc][0xc4][0x10][0xd1][0x6]"[0xb7][0x84][0xc4][0x97][0x8][\r][0x11][0x89][0x90][0x16][0xc6][0x1b]![0x92][0x9c]SQbrjN*f[0xaf][0xc1]71%U!?M!#3=C[0xa1][0xb0]41'[0xb3][0xa4]R[0xa1] 5[0xb1]([0x7][0xb9][0xbf][0x2]2[0x89][0xa8]|l[0x84]Ht4[0xf1][0x11][0xa2]MD[0x13][0xe3][0x11]e,[0xdd][0x2][0xc]Q[0xd8][0xd2][0xcd]JD>[0xa5][0xa6][0x95][0xf8][0xf2][0x91][0x91][0x19][0xbc]h[0xa0][0xa6][0x95][0xf8][0xf2][0x96][0x11][0xa2][0x8c][0x80][0x96]F[0x98][\r][0x1c][0xea]T%F[0x88]\L[0xa3][0x86][0xaa][0x89]1}r2[0xac][0x19]ka[0x88]H"[0x8e][0xc9][0xc9][0xa9][0xc5][0xc5][0x90][0x1a][\r]}[0x8c][0xa3]$_!5/#1/9U![0xb1][0x0]Th[0x80][0x98]([0xad]Y[0x13]cD[0x81]P[0x9c]Z[0x90][0x9a][0x82]YP'fV[0x82][0x4]aC#[0xa6]D[0xf6]OL[0x8c][0x11]e[0x1][0xbd][0xd2][0x14][0xa8][0xde][0x80][0xb6]/[0xa9][0xed][0x19][0xfa][0x17][0x3][0xc6][0x88]8[0xe][0x6][0xc7][0x8c][0x82]OfqI[0x11][0xb8]'[0x85]Z[0x95]B[0xa5]s [0xd2][\n]"
18:26:17.920 [main] DEBUG org.apache.http.wire -  << "y[0xe9][0xa9]I[0xa5][0xa0][0x9a][0x84][0xf4](C[0x14][0x3]P3[0xa1]V*8%[0xe6]$bv[0xc][0xa0][0x8a]P-VHJ[0xcc]K[0x7][0xd7]dP[0xfb]M[0x89]O2[0x88]2[0x81]nI[0x6][0xd1][0x82][0xa0][0x9b][0x95][0x88][0xf2][0x88]^V[0x9a] [0xca][0xa7][0xa0][0xd2][0xe2][0x92][0xcc]dX[0xc1])[0x11][0xb3][0x7][0x1c]Z[0xa2][0x90]ZT[0x94]_[0xa4]P[0x94][0x9a]\Z[0x9c][0x98][0x97][0x92][0x98][0xaa]P[0x90]_\[0x9c][0x99][Z[0xac][0x90][0x9b][0x9f][0x3][0x1a][0xe7]LLU(NMQ[0xc8][0xcc]-HM[0xc9]$[0xaf]K[0x81][0xd4][0x15]Gtc|2[0xf3]R[0xf3][0x14][0x9c][0xf2]KJr[0xb0]tcJK[0x14][\n]"
18:26:17.920 [main] DEBUG org.apache.http.wire -  << "R[0x8b][0x8a][0xb]2[0x93]3[0x13]K2[0x8b][0x15]R[0xf2]s[0xf2][0x8b]R[0x15]R2[0x93]K[0x12][0x15][\n]"
18:26:17.920 [main] DEBUG org.apache.http.wire -  << "[0xf2][0x8b][0x8a][0xf2][0x15]2[0xb][0x8a]Ks[0x15]R[0x13][0xc9][0xea][0xe5][0x98][0xd0][0xbf][0xc8]2A4i[0x82]sRS[0xb3][0x15] ![0xe0][0x9e][0x93]_[0x96][\n]"
18:26:17.920 [main] DEBUG org.apache.http.wire -  << "j[0xe1][0xa1][0xe6]t[0xff][0xb4][0xb4][0xcc][0xe4][0xcc][0xcc]b[0x85][0xe4][0xfc][0xbc][0xe2][0xd4][0xc2][0xd2][0xc4][0x92][0xd2]"[0x85][0xc4][0xbc][0xcc][0xdc]Lx[0xc4][0x14]+[0x94][0xe5][0xe7][0x94][0x16][0x94]$[0x96][0xa4]*[0xa4][0xa4][0xe6][0xa4][0xe6]e[0x96]d[0x92][0x17][0x18][0xf4]/[0xf2]L[0x10]E[0x9e]{~Qzj~i[0xb1]BPiRRj[0x91][0x82]3x[0x8c][0x3]-4R2K i[0xa0]4W![0x11][0x94]8[0xc0]I '1)[0xbf](3[0xbf]81W[0xa1][0xb0]4S!1'[0xb3][0xb0]43E[0xa1][0x98][0xdc]t[0x8a]([0x14][0x11][0xe9][0xd4][0xbd](1/[0xb3]$U[0xc1]9?[0x11]T[0xd2][0xa2][0xba][0xcb][0xb5][0x4][0xd4][0xd7][0xce]L,Q[0xc8][0xcf][0xcd][0xcb],V[0xc8][0xcd][0xcc][0xcb][0xcc]MT[0xc8]+[0xcd]-,M[0xcc]U(.-N[0xce], [0xd7]5[0x88]"2[0xb8]2/[0xb5](=[0x13][0x96][0x9d]s[0x14][0x82]32[0x8b][0xb0][0xba]&[0xb5][0xb8][0x4][0x9e]*2[0x93]J[0x8b][0x15][\n]"
18:26:17.920 [main] DEBUG org.apache.http.wire -  << "r[0x12][0x93]S[0x13]K[0x14]R[0xc9][0xcb][0xba][0xa0][0x2][0x1d]Z[0xcf]*[0xd0][0xa8][0xb]i[0x8a][0xc8][0x8a]d5[0xf][0x89]m[0xa5][0x98]"[0xe5]?[0xca][0xa7][0x8a][0xf0]5xM[0xe9][0x9f][0x9f]L[0x11][0xf9][0x89]^5[0x8d])"[0xb7][0xd0][0xcd]JD[0x96][0xa0][0x9b][0x95][0x88]V[0x3]Y[0xa9][0x13]u[0x82][0x11]o[0xaa]A4[0x16]hl[0x93][0x19][0xa2][0x8d][0x0][0xb5][0x9]s[0xbc][0x1d]_[0x87][0xc]u[0x4][0x1e][0xdd]O[0xb0][0xae][0xb][0x15]F[0xe0]M[0xcc][0x10]}[0x16][0xa8]Ki[0xd5]u4[0xa3][0xb0][0x14]">[0x9e][0xcd][0xe8]V[0xe]Qwr[0x1c]=[0x9e][0x91]fJL[0xcc][0x10][0xc5][0xf][0xad][0xe3][0x9]Q[0xea]@m[0x1a][0xb4]i[0x17]QX[0xe1]t)b[0x80][0x1e]_-F[0xd5][0x1c][0x85]Q[0x9e]Q[0x12]~4[0x9c]}31[0xc3]([0xf]1]J[0xff][0xf0]3[0xc7](;iU"!-[0xfa][0xf0]K,[0xce]TpI,[0xcd]S[0xf0]J-*[0x5]M[0xb0][0xa2]6C[0xc1][0xf2][0xe5][0xa9]y[0x89][0xd9][0xd9][\n]"
18:26:17.920 [main] DEBUG org.apache.http.wire -  << "%[0xa9]y[0x89]y[\n]"
18:26:17.921 [main] DEBUG org.apache.http.wire -  << "[0xb9][0xa5]E[0xb9][0xa9]Hs[0x85][0x86][0x96][0xa8][0xab]=[0xd0]33,[0x89]YX"Rmr~^I~[0x86]n2bE[0xc][0xfa][0xa8][0x93][bqFf~^bRN*[0xea]X[0x93]9[0xa2]4[0x5][0xbb][\r][0xe1]v[0x85][0xc4][0xca][0xc4]\[0x85][0xf4][0xfc][0xa2]T,3[0xb2]`[0xb5]T[0xf2][0x7]"[0x9d][0x13][0xf6][0x7][0xa6][\n]"
18:26:17.921 [main] DEBUG org.apache.http.wire -  << "[0xe4]y`[0x13]s[0xba][0x95][0xd8][0xe6]t+G[0xcd][0x11][0xf1][0xc]-[0x9d]h[0x96][0x8e]1[0xf2]1[0xad]l[0xb2][0xa0][k[0x1]iEF[0x84]S~[0x85][0xc2]`([0x99],[0x10][0xbd][0xe][0x1c]nB,x@[0x94][0x9b][0xf4]k[0xcb]Y r[0xe4][0xe0]t[0x1f][0xdd][0xd2][0xa9]%"[0x9d][0xe2][0x8][0x89][0x81][0x88][0x1f]KD[0x99]=[0x98]\Eq[0xd9][0xb][0x0][0x0][0x0][0xff][0xff]"
18:26:17.921 [main] DEBUG org.apache.http.wire -  << "[\r][\n]"
18:26:17.921 [main] DEBUG org.apache.http.wire -  << "57D[\r][\n]"
18:26:17.921 [main] DEBUG org.apache.http.wire -  << ""v[0xc9][\n]"
18:26:17.921 [main] DEBUG org.apache.http.wire -  << "[0xd2]"[0x19][0xec]K[0x90][0x6]6[0xfb]X"[0x1a][0xbe][0xd8][0x9d]7 i[0x6]9Oc[[0xb6]5[0xa0]af[\n]"
18:26:17.921 [main] DEBUG org.apache.http.wire -  << "Z[0xf4][0x2][0x1d][0xbd]"-[0xcc]h[0xd8][0xae]55@[0xe4]~[0xda][0xd6][0xbc][0xa6][0x6][0x88][0xbc][0x83][0xdd][0xfb][0x3][0x1c];[0x88][0xc6][0xe]v[0xe7][\r]@[0x8a]65@d3Z[0xc7][0xe][0xe5]y[0x87][0x96][0xc9][0x14]i[0x95][0xd4][0xe0][0x89][0x1d][0xa4][0x95]T[0xd8][0x1d]5[0xb0])[0xda][0x90]P[0x86][0x1b][0x88][0x14]m[0x88]h[0x17][0xd2]8E#[0xad]U[0xa0][0xb5]Mt[0xcb][0xa5]H[0xb][0xdc]h[0xed]'Dy@c[0x9b]@k[0xc8][0xa0][0xd5]"[0xad]mB[0xb4])im[0x13][0xdd]R[0xb9][0x11][0xa2][0xda][0xa2][0xb5][0x9f][0xe8][0x96][0xca][0xe9][0xb6]D[0xcb][0xd4][0x88]~[0xa9][0x9c]^[0xfd]9S[0xa4]5a4N[0x11]Hk[0xb8]hm[0x13]"[0xe7][0xe][0xc6][0x9a][0xd6][0x18][0x91][0xdd][0xb1];o jZ[0xe4]u\4[0x9d]a65[0xa6][[0xc9]`[0x8c][0x18]'[0xf4][0x8]Pp[0x6]-[0xc2][0xc9][0xc4][0xb2]A%'[0xb5][0xa0]$[0xbf]@[0x1]c[0x7][0x90]%[0x8] -[0xf1]F[0x1f]wF[0x9a]D25[0xa6]j[0xd1]`[0x84]{C[0x9d])[0xd2]")[0x9a]m(D[0xf7])l[0x84][0xdd][0xd4][0x0]Q[0xc0]7[0xac]`,[0xad]H#[0xb0]7[0x9]yr[0x95]j^ j[0xe][0x8a]J[0xce]G[0x14]/[0x84][0x9c][0x8f][0xc8][0xc9][0xa0]=[0x83]x[0xd2][0x12][0xb5]C[0x18][0xd1][0x98]'[0xe4]D[0xa2]7[0xfc][0x82]|[0x80]/[0x94][0x91][0xb3][0x83][0x9][0xa2][0x88][0xa3][0xaa][0xfd]xB[0x10][0xc5]zD[0x11]CU[0xeb][0xf1]y[0x9f][0xda]1[0x88](Ph[0xe6][0x5][0x9c]]p*[0xe5][0x13]D#[0x86]f^[0xa0]qI[0x85][0xb4][0x84]l[0xc8]z[0x1]1dG3/[0xa0][0xd7]WT[0xce][0xb]H[0xab][0xec]h[0xe6][0x5]Z'[0xa4][0x1]([0x90][0xa9][0x1d][0xb]4*[0xd3][0xe9]X[0xa8]"[0xad]4[0x1c][0xb2][0x9][0x9]Q[0xb5][0xc1]zQ[0xa6][0xa6]4[0x9a][0x94]65E4[0xa0][0xa9][0xbb]S[0xc5][0xd4][0x14]Q[0xbd]y[0xe6][0x95][0xa4][0xe6][0xe4]d[0xa6][0xa7][0xe6][0x95]([0x4][0x97][0xa4][0xa6][0x82]V[0x8][0xe7]cYU[0xee][0x99][0x2][0xda]YX[0x9c][0xa9][0x90][0x97]XRZ[0xc]Z4[\r]"[0x12][0x8b][0xc9]Z7nj[0x8a][0xa8][0x9c]`[0xe1][0x88][0xd1][0x90][0xc5][0xb7][0x8e][0x90][0xe8][0xb9]9S[0xcc][0x15][0x8b][0xb4][0x8a].[0xba][0xad]84[0xa5][0xdb][0x8a]CS[0xba][0xad][0x3][0x4][0x9f][0xf7]@[0x9f][0x91]E3D[0xe2]w[0xcd][0xcb]/[0xca][0x5]m [0x8][0xc8]I[0x4]/[0x91]w[0xce]H[0xcc][0x4][0xad]}B]$[0x15][0x6][0xd9],[0x1]:[0x99][0xa7]$U!/?[0xf]t6OYf[\n]"
18:26:17.921 [main] DEBUG org.apache.http.wire -  << "([0xcf][0xa4][0x16][0x93][0xb5]<[0xde][0x14]i[0x8d][0x9a]Ki[0x11]h[0x1d][0x14]h[0xbb]M[0x8e][0x2]v[0x17][0x4]C[0xb7][0x3]([0x14][0x96][0xe6]+ [0xed]][0xc8][0xcc]#g[0xdb][0x86])[0xdd][0x96][0xa2][0x99]"-E[0xa3]qF[0xa7][0xdb]R+S[0xba]-[0xb5]2[0xa5][0xdb]R+S[0xa4][0x83]zh[0x1c]OHG[0xf2][0x4][0x4][0x9b]`[0x96][0xfa][0xc5]&[\n]"
18:26:17.921 [main] DEBUG org.apache.http.wire -  << "I[0x89]E[0xa5][0x88][0xbe][0xbb]1[0xfe][0xf5][0x87][0xc8]=O[0xba]-[0xe3]2E:[0xd8][0x87][0xd6][0xe1][0x85]h[0xbb][0xd2][0xda]&D[0x13][0x93][0xd6]6![0x6][0xb2]hm[0x13]f[0x83][\r]3[0xc9][0x11]}[0xca][0x1b]z7[0x5]%[0xed]!Zk[0xb4][0xf6][0x13][0xa2][0x2][0xa3][0xb5]Mtk[0xa6]Y[0xd2]kq[0xb4])[0xd2][0x12]:[0x1a][0x87][0x1e][0xd2][0xb2]8Z[0xdb]D[0xb7]2[0xc2][0x12]QFP[0xbd][0xf4][0xb6][0xa4][[0xa9][0x80][0xb4]"[0x8e][0xd6]1C[0xaf][0xbc]j[0x86][0xb4]8[0xcc][0xb5](=?/?73Y[0xc1]1[0xa7]473[0xaf]4[0x17][0xeb][0xd6]X[0xc7][0xd2][0x12][0x85][0xa4][0xd4][0xc4][0x92][0xc4]T[0xf8][0xc6][0xcf][0xd4]\[0x85][0xdc][0xc4][0x8a][0xcc][0xdc]T[0x85][0xbc][0xd4][0xdc]|[0x85][0xcc][0x9c][0x9c][0xd2]\[0xd0][0xa6]Xp[0xdf][0x8f][0x9c][0xa6][0xa6][0x99][0x1][0xbd][0x8a]E3[0x3]z[0x15]Vf[0x83]{-[0x91][0xd9]`\KdF[0xbf][0xb5]DH[0xfb]Ph[0x9d][0xb9][0xe9][0x96][0xe2][0xc][0x10][0x93]^[0xb4][0xf5][0x93][0x99][0x1][0xa2][0x80][0xa7][0xb5]M[0xf4]*[0xee][0xcd][0xc][0xe9][0xd5][0x8]4C:k[0xc][0xfb][0xe2][0x82][0x1]]eh[0x86][0xb4]|[0xb][0xbb][0xf3][0x10][0xbd].[0xba][0xed][0xee]0C:n[0x8c][0xc6])[0xce][0x8][0xd1]L[\n]"
18:26:17.921 [main] DEBUG org.apache.http.wire -  << "[0x8]64[0xa0][0xa0]#[0x80]~N[0x16]|[0xb0][0x1f][0xa9]j[0x80][0x1c][0x10][0x8a]a[0x9][0xa1][0xf9]y3#[0xba][0xe5]@[0xa4][0x13][0xbd][0xb2]3[0xb][0x12][0x8b][0x15][0x12][0xf3][0xd2]3[0xf3]0\[0x9c][0x9b][0x9a][0x97][0x9e][0x9a]S[0x9a]X[0x94][0x9d][0x98][0x7]Q[0xa2]P[0x9c][0x98][0x97][0x9e]X[0xa2][0x90][0x9d][0x9a][0x97][0x9c][0x8][0xde][0x8d][0x7]=[0xc6][0xc7][0x10][0xb4]n[0x1e][0xe7]!s[0xf0]PB:[0xd6][0x85][0xcc][0x13]V[0xcd][0x90][0xd6][0x9d][0xc1][0x8f][0x1]q*[0xca][0xcf][0xab]J[0xc5]1[0x84][0x6]9[0xdf][0xb2]([0xb5] 5''5/[0xa5][0xb4]X!1[0x19]tt[\r][0xe8][0xc0][0x9a][0xc2]R[0xb2][0x86][0xb1][0xcd][0x90][0x96][0xa4][0xf9][0xa6][0xa6]d[0xe6]'[0x17][0xa5][0x82]F[0xf1]@[0x87]l[0xe2]8[0x9c][0xc5][0x11]lg^I&[0xe8][0x0][0x9a][0x12][0x85]|[0xf0]Y-[0x89][\n]"
18:26:17.921 [main] DEBUG org.apache.http.wire -  << "e[0xa9]9[0x99]%[\n]"
18:26:17.921 [main] DEBUG org.apache.http.wire -  << "y[0xf9]I[0x99][0xc5]d[0xb5][0xb2][0x90][0x8e]/[0x1b]r1[0x89][0xb4][0x6]n[0xe8][0xb9][0x1d]1[0xbd];[0xf4][0xdc][0x8e]hS[0xc]=[0xb7]#Jr[0x1a][0xd7][0x19]H[0xcb][0x5]=[0xf3][0x92][0x8b]RS2[0x93]rR[0x15]`%MN~2[0xe6][0x9e]j[0xd7]D[0xf8][0xf1]=[\n]"
18:26:17.921 [main] DEBUG org.apache.http.wire -  << "[0xa9]y[0x99][0x90][0xe]T1([0xa7][0x16]'g[0x96][0xe6][0x95]([0xa4][0x94]&[0x83][0xf][0xca][0x82][0x9c]M[0x95]KV[0x96][0xa7][0xdb][0x92]A3[0xa4][0x85]|[0xb4][0xe]l[0xba]5[0xa8][0x91][0x8f][0xd4][0xa2][0xe9][0x82]K3[0x13][0xba]5sM[0x10][0xcd]\[0x9a]dh[0x9c][0x8d][0x1e]*T[0xe7]&[0x94][0xf][0x13][0x10][0xb9][[0xd3][0xcc][0x84]nC2H[0xeb][0x97]h[0x9c]qL[0x11][0xf5][0x10][0xad]m[0xa2][[0xc9][0x8b][0xb4]\[0x84][0xd6]~[0xa2]<[0xf1][0x11][0xb7]4[0xd2][0x8c]n[0xeb][0x1e][0xcc][0xe8][0xb6][0x1a][0xc1][0x8c]n[0xa7][0x12][0x99][0xd1][0xed][0xac] 3[0xd0][0xed][0x13]tY[0x8d]`[0x86][0xb4][0xe][0x80][0xc6][0xa9][0x9c]nS[0xf1]fHS[0xf1][0x1e][0x5][\n]"
18:26:17.921 [main] DEBUG org.apache.http.wire -  << "a[0x99]e[0xf9][\n]"
18:26:17.921 [main] DEBUG org.apache.http.wire -  << "[0x91]FFX[0xfa][0x95][0xb9][0x99]9[0x99][0xd9][0x99][\n]"
18:26:17.921 [main] DEBUG org.apache.http.wire -  << "[0xc5][0x5][0xa9][0xc5][0x99]i[0x99][0xd9][0xa0][0xb3]j*[0x13][0xf3][0xd2][0x15][0x12][0xb][0xc0]'[0xd8]B;[0x95][0xc6][0xa0][0xfb][0x86]P:[0x96][0xe8]5[0x11][0xd2]<[0x9c][0x99]9)[0xdd]g,[0xe7][0xca]#[0xe5]d[0x0][0x0][0x0][0x0][0xff][0xff]"
18:26:17.921 [main] DEBUG org.apache.http.wire -  << "[\r][\n]"
18:26:17.922 [main] DEBUG org.apache.http.wire -  << "C99[\r][\n]"
18:26:17.922 [main] DEBUG org.apache.http.wire -  << "B[0x9f][0xee][0xa3]f[0xff][0x15]i[0x11]A[0x0][0xe4]2([0x5][0xc7][0xd2][0x9c][0xcc]D[0x5]c[0x8c]p[0xca][0xcc][0xcb][0x4]-8[0x1]][0x18][0xa5][0x90][0x8]W[0x3][\r][0x1c]|[0xeb][0xf7]P[0x82][0x5][0xd1]8[0xa0]u:C[0xd4][0xaf][0xd8][0x7][0x99][0x6]v[0xc][0xc]i[0xfd][0x1]v[0xe7][0xe1][0x1a][0x3][0xc3][0xb9]^[0x9b][\n]"
18:26:17.922 [main] DEBUG org.apache.http.wire -  << "[0xcd][0x1f][0xa4][0x85][0xb][0xd8][0x1d]5[0xc0]a[0x86][0xa8][0xf4][0xb1];[0xf]W[0x98][0xd1]2[0x7]![0x9d]Z[0x3][0xce]A[0xd9][\n]"
18:26:17.922 [main] DEBUG org.apache.http.wire -  << "[0xee][0x99][0xa9]9[0x18][0xb9]'[0x4]t[0x14]q^:[0xe8][0x1a][0xb5][0xec][0xa2][0xcc][0x82][0xe2]L[0x84][[0x89][0xdf]adf[0x81]h[0xc5]#Y[0xa6][0x90][0x9d][0xaa][0x8b]Y[0xae]Q[0xc9]FD[0x86]E[0xb3][0x11][0xb3][0x84][0xa0][0x92][0x8d][0x88]f[0x10]|{[0x11]M[0xef][0xfa]1C[0xba]&[0x9][0xec][0xc7][0xe4][0x12][0xda][0x16][0x82]H[0xab][0xc][0xe8][0xe4]C[0xba][0xad][0x1]0[0xb3]$[0xa5][0xde]#x[0x9f]!z[0xc6]E[0xae]J[0xe8]6{nf[0x89][0xa8]Jh[i[0x99][0x83][0x9a][0x17]ti[0xf0][0x99]#[0x1d][0xad]Bk?!J[0x10]Z[0xdb]D[0xb7]xB:[[0x84][0xc6]~2D[0xc][0x8f]z[0x6]x[0xf8][0xfb][0xb9]*[0x18][0x9a]*[0x4][0x4][0xf9]cT0[0x1e][0xae]~[0xee][0x1][0xfe]~[0x88]j[0xc5][0x4][0xd4][0xef][0xc7]9[0x9][0x82][0x94][0x93][0xcc][0x91]f[0xea]i[0xed][0x1b]D[0xfd]E;[0xdf][0xd0]-[0xbd]!M[0xb3][0xd2]8[0xdc][0x90]fLim[0x13]"[0xbd][0xd1][0xda]&z[0xd5][0x14][0xe6]H[0x93]tn[0x89]y%[0x90]5[0xf6][0xbe][0x89]E[0xa0]!t[0x9f][0xc4]\[0xcc][0xcb]B\K[0x14]22[0x93]A[0xeb][0x8e][0xf2][0x91][0x6][0xc5]Ac[0x19]D[0xe5]'[0xa4][0xf9][0xb8][0xa4][0xc4][0xe2][0xd4][0x94][0xa2][0xb4][0xcc][\n]"
18:26:17.922 [main] DEBUG org.apache.http.wire -  << "[0x8c][0xfc][\n]"
18:26:17.922 [main] DEBUG org.apache.http.wire -  << "[0x96]IMK,[0xcd])I[0x1][0xad][0xf5][0x87]v[0xa4][0xcc],A]q[0xe2][0xac][0xa1][0xd7]0[0xb5]9[0xd2][0xfd]8[0xb4][0xe9]I[0xe3][0xa9][0xe7][0xcd][0x91]n[0xca][0xa1]q[0x8a][0xa4][0xdb][0xa1][0x4][0xe6]t[0x9b][0xcb]0[0xa7][0xee][0x99][0x4][0xf8][0xe2][0x9][0xa9][0xff]I[0xe3]xB[0xda]XNk[0x9b][0x10]}[0x11]Z[0xdb][0x84][0xc8][0xcc]4[0xab][0x19]A[\r][0x2]h[0xeb][0x92][0xfe][0xd9][0x18]in`[0x0],[0xa7][[0xad][0x86]tu[0x6][0x8d]S[0xc][0xd2][0xf5][0x15][0x3][0x10][0xa0][0x88][0x8c]1[0x0][0x96]#[0xda][0xf9][0x3]`9"[0xa3][0xd2][0xdf]r[0xa4]m[0xa4][0x3]`9bvo[0x0],G[0xe4]`z[0x8c][0xd1][0x98][0xd3]m:[0xc9][0x9c]n[0x9b][[0xcd][0x91][0xa6][0x93][0xb0][0x8f][0x9f][0xe][0xe8][0xf0][0xae]9[0xa8][0xe1][0xb][0xad][0x9e][0xb0];[0xf][0xa9]o[0x8b][0xf7]Pd*N[0x90][0x98][0xd3]m[0x8f][0xaa]9[0xd2][0xc4][0x18]v[0xef][0xf]l[0xec] [0xcd][0xa6]aw[0xde][0x80][0xc4][0xe][0xa2][0xf]9[0x88][0x1c][0x85][0x18][0x80][0xc0][0xee][0xa8][0x1][0x8e]HD[0xed][0x89][0xdd]y[0x3][0x12][0x91][0x88]Zu[0xf0]8jpO[0x87][0x99][0xa3][0xdc][0xe1][0x80][0xed][0xec][0xf2][0x81][0x88]H[0xa4][0xe9]0[0x97][0xd2][0xec]R[0xcc]e[0xdc][0x8]G[0x99][0x11][0xbd][0xa3][0xda][0xdc]bpg)[0x94][0x9b]![0x6]ML[0x10][0xca]R[0x3][[0xc]!m[0x80][0x1d]<9[0xde][0x92][0xd0][0xc][0xf3][0x0][0x87][0x19]b[0xf8]|[0x10][0x85][0xd9][0xe0][0xce][0x9b]H[0x93]w[0x83]([0xcc][0x6]u[0xde][0xb4]@[0xda][0xc4];h[0xc2][0xcc][0x2]i[0xf3]!M[0xd6][0x15][0xa3][0x8f]mR[0xb1][0x17]a[0x81]4[0xdb]:[0xf4][0xdc]N[0xa8][0x8d]=[0xa0]e[0xa2][0x5][0xd2]}[0x17][0x83]([0xad]"[0x86][0xc7]h;[\n]"
18:26:17.922 [main] DEBUG org.apache.http.wire -  << "h[0x81][0xb4][0xdd][0x9c][0xee][0x83]2[0x16]H[0xd3][0xe0][0xd8][0xc3]~`[0x93][0x6][0xd2][0xdc]9v[0xe7]![0xda][0xa2]t[0xdb]gj[0x81]4[0xd9]>[0xe4][0x8a][0x2][0xa4][0xdd][0xf3][0xd8][0x3]t[0x80][0xe3][0x9b]PKd@[0xe2][0x9b]nE[0x1][0xd2]r[0x84][0xa1][0x97][0xb2][0x10][\r]"p[0x81][0xe9]X[0x94][0x99][0x9e][0x98]_[0x2]:[0xb][0xf5][0x10]<[0xaa][0x1c][0xc7]h[0x81][0xb4][0x9e]b[0xc8][0x5][0x15][0xd2]Fu[0xfa][0xac][0x1e][0xb4]@[0xda][0xb0][0xe][0x8e][0x9c][0x80]`[0x1a][0x1d]^i[0x81][0xb4][0xe9][0x9c]^~C[0x94][0x19][0xb4][0xf6][0x1b][0xdd][\n]"
18:26:17.922 [main] DEBUG org.apache.http.wire -  << "[0x2][0xa4]m[0xd8]4[0xf6][0x13][0xd2][0xa6]iZ[0xdb][0x84][0x98]|[0x1a]r9[0xd6][0x18][0xad]p[0xa3]][0xfe]A[0xda]{[0x89]3>[0x10][0x95] [0xd1][0xc7][0xd7]Z [0xed][0x8b]T[0xc0]X[0xc9]D[0x9d]"[0xd9][0x84]n[0x81][0x84][0xb4][0xc]b[0xc8]%%[0xa4]U[0x14]8#[0x98]:[0xf1][0x81]t[0xde]:[0xad]mB[0xc][0xba][0xd1][0xda]&DW[0x96][0xd6]6!F[0xea]hm[0x13][0xdd]*0[0xa4][0x83][0xc0]i[0xed]'DY0[0xe4]r([0xd2][0x12][0x8d][0xa1][0xe7][0xf6]!\[0xc9]"[0x9d]F>[0xf4][0xc2][0x1d]Q[0x2][0xe]=[0xb7]#[0xca][0x9f][0xcc][0xbc][0x94][0xfc][0xdc][0xcc]T[0x8c][0x6]Bbv[0xa9]Bqiv[0xa2][0x2]B[0x1]t[0xb5][0xb3][0x11][0xd1]S[0x80][0x16]H[0x8b]W[0xa0][0xa5][0xf][0xe6][0x9d][0xf5][0xf8]j>[0xfa][0x8d][0xf0] [0x9d][0xec][0x8e][0xd3][0xa5][0x88]F[0x18][0xbe][0x9d][0xb3][0xd4][0x1c][0x82]6G,[0xa0][0x82][0xb8][0xaa][0xd8][0xb4][0x18]#[0xa6][0xe0][0x1][0x88][0xbe]#[0xd9][0xcc][0xcc][0xc][0xcf][0x8e]d[0xa4][0xcd]$[0x16]HS[0xb5][0x88][0xe8]F[0xed][0xc3]S%=X [0xba]S[0xb4][0xb5][0x7][0xb1]\[0x82][0xb6][0xf6] [0xea]<[0x9a][0xda][0x83]4[0xef]J[{[0x10][0xe9][0x8d][0xb6][0xf6] [0xd2]Ape^jQz&[0xf8][\n]"
18:26:17.922 [main] DEBUG org.apache.http.wire -  << "[0x5][0xc8]%"[0xd8][0xaf]1[0xf0],[0xca][0x7][0xad]K[0x80][0x95]A[0x96][0xa0]][0xb5][0xc4][0xec][0xb8][0xb0]D[0xda][0x9e][0x87]8[0xdc][0x16]d[0x9a][0x82]S~II[0xe]f[0xc9][0xe7][0x9c][0xf]:[0xac][0xa9][0x4]$[0x1][0xb5][0xcd][0xdc][0x1c][0x94][0x11][0x89][0xb3][\r]Q[0x1b][0x7][0xe7][0xa4][0xa6]f+[0xb8][0x17]%[0xe6]e[0x96][0xa4]*[0x84]'[0xe6][0xe4][0xa4][0x96]`d^[0xd8])[0xbb][0x88][0xb2][0xc5][0xc4][0x0][0xb4][0xcd][0x9c]8[0xcb][0x10][0xc1]8[0xe4][0xaa] [0xa4][0xed])[0x90][0xa2][0x8d]f[0xe3]SH[0xc7]p[0xd1][0xda]&D[0xb1][0xe3][0x98]Z[0x94][0x9f]R[0x99][0x97][0x8]:I[0x19]vCH[0x8][0xe8][0xaa][0xe][0x8c][0x14][0xe0]ZQ[0x90][0x9a][0x92]Y[0x92][0xa8]PZ[0x2]:[0xcb]O!9[0xbf][0xa8] [0xbf][0x88][0xbc][0xc3][0xfc],[0x90][0xee][0x98]D[0xce]X>[0x99]y[0xa9]y[\n]"
18:26:17.922 [main] DEBUG org.apache.http.wire -  << "N[0x89][0xe9][0x98][0xb6][0x17][0x97]([0xa4][0x16][0x15][0xe5][0x17])[0xe4]efd[0xe6][0x80]\[0x90]Y[0xa2]P[0x9c][0x99]W[0xa2]P[0x94]ZT[0x9a][0xab]P[0x9a][0x93][0x93]H[0xd6])c[0x16]t[0xdb][ba[0x82]([0xb6]h[0x1c][0xc3]t;[0xfb][0xcb][0x82]n[0xfb]e,[0xe8]v[0xca][0x98][0x5][0xd2][0xdd]QC[0xae][0xbc]BZ[0xe8][0xc]Mc[0x83][0xb5])[0x8b][0xb9][0xfa][0x19][0xd3][0xa5][0x88][0xea][0x86]nMY[0xa4][0x8a][0x91][0xa6][0xa7][0xe6]Y`[0x9e][0xe2][0x83][0xe9]x[0x9b][0x19][0xcb]i[0x6][0xf4][0xeb]t [0x1d][0xe4][0x83]3M[\r]@L!:[0x87]8]5H[0xc2][0xf][0xd1][0xfe][0xc1][0xe9][0xd2][0x1][0x8]?D+`0N[0xb8][0x83]Z[0x97][0x83]m[0xc7][0x86][0x5][0xd2][0xaa]m[0x9a]v<0[0xef]^[0x1a][0xac]e[0x3][0xd2]B[0xf1]A[0x94][0xb6]-0[0x6][0xe3][0x7]m[0xf8]a[0xc][0xe6]c[0xba][0x94][0xfe]e[0x3][0xd2]I;4M[0xe7][0xc8][0xe7][0xec][0x80][0xbb][0xa1][0xb0]~[0xa6]BxbIr[0x6]F7[0xc0]'5[0xb1]$#[0x15][0xe9]H[0x3][0xb]#[0xd0]VUbz[0xa1][0x16]H[0x8b]u!][0xde][0xf0][0xfc][0xfc][0x1c][0xe2][0xfb][0xbb]FF[0xa0][0x12][0x89]8[0x9b][0x10][0xc3]-[0xc8][0xbd][0x9b][0xe0][0xcc][0x9c]l[0x5]g[0xac][0xe7])C[0xe][F[0xc4][0xb3][0x91][0x11]h[0xa8][0x8b][0x18][0xcb],[0x91][0x96][0xae]"[0xe][0xa0][0x80][0x98][0xa7][0xe0][0x9c][0x9f][0x88][0xd9][0x95][0xf][0xce][0xcf])-ITH-QH.-[0xc8][0x4]u[0xe9]JR[0x91]N[0xa2][0xc0][0xbe]=[0xd2]h[0x9c]%[0xf2]=[0x1a]H[0xa3]#[0xce][0xf9][0x5][0x5][0xa9]E[\n]"
18:26:17.922 [main] DEBUG org.apache.http.wire -  << "[0xde]y[0x99]i[0xa0][0xb1][0x9][0xd4][0xe1]9[0x88][0xc3][0x10][0x1e][0xb5][0xb0][0x4]u[0xb0][0x89][0xf3]("[0xa7][0xc][0xb5]V[0xb9]%[0xd2]BRH[0xda][0x83][0x9e][0x10][0x12][0x90][0x98]W[0x82]9R[0x1a]T[0x9a][0x94][0x84][0x9c][0xc8]M[0xcd]@[0xb7]$[0x12][0x17]H[0x88]J[0x1d]b[0x11]<Ca[0xb7][\n]"
18:26:17.922 [main] DEBUG org.apache.http.wire -  << "[0xda][0xe7]GD[0x88][0xa5][0x5]hr[0x96]8[0xbb][0x10][0xc9][0x1c]y[0x18][0x1]n[0xa3]wjeR~bQ[\n]"
[...]
18:26:18.621 [main] DEBUG org.apache.http.impl.client.DefaultHttpClient - Connection can be kept alive indefinitely
18:26:18.621 [main] DEBUG io.restassured.internal.RestAssuredHttpBuilder - Parsing response as: text/plain; charset=utf-8
18:26:18.622 [main] DEBUG org.apache.http.wire -  << "1E[\r][\n]"
18:26:18.622 [main] DEBUG org.apache.http.wire -  << "[0x1f][0x8b][0x8][0x0][0x0][0x0][0x0][0x0][0x4][0xff][0xcb][0xcb]/QH[0xcb]/[0xcd]K[0xe1][0x2][0x0][0xd4]I[0xfa]r[\n]"
18:26:18.622 [main] DEBUG org.apache.http.wire -  << "[0x0][0x0][0x0]"
18:26:18.622 [main] DEBUG org.apache.http.wire -  << "[\r][\n]"
18:26:18.622 [main] DEBUG org.apache.http.wire -  << "0[\r][\n]"
18:26:18.622 [main] DEBUG org.apache.http.wire -  << "[\r][\n]"
18:26:18.622 [main] DEBUG io.restassured.internal.RestAssuredHttpBuilder - Parsed data to instance of: class org.apache.http.conn.EofSensorInputStream
18:26:18.623 [main] DEBUG org.apache.http.impl.conn.BasicClientConnectionManager - Releasing connection org.apache.http.impl.conn.ManagedClientConnectionImpl@c02a1be
18:26:18.623 [main] DEBUG org.apache.http.impl.conn.BasicClientConnectionManager - Connection can be kept alive indefinitely
18:26:18.623 [main] DEBUG net.thucydides.core.steps.StepInterceptor - STEP DONE: I send typo POST HTTP request
  &amp#27;[32mWhen &amp#27;[0m&amp#27;[32mI send typo POST HTTP request&amp#27;[0m                                                  &amp#27;[90m# starter.stepdefinition.User_produuct_steps.sendPostInvalidHttpRequest()&amp#27;[0m
18:26:18.626 [main] DEBUG net.thucydides.core.steps.StepInterceptor - STARTING STEP: User_produuct_steps.reciveInvalidHttpResponse - I receive invalid HTTP response code 404 Not Found
18:26:18.627 [main] DEBUG net.thucydides.core.steps.StepInterceptor - STEP DONE: I receive invalid HTTP response code 404 Not Found
  &amp#27;[32mThen &amp#27;[0m&amp#27;[32mI receive invalid HTTP response code 404 Not Found&amp#27;[0m                             &amp#27;[90m# starter.stepdefinition.User_produuct_steps.reciveInvalidHttpResponse()&amp#27;[0m
18:26:18.631 [Finalizer] DEBUG org.apache.http.impl.conn.DefaultClientConnection - Connection 0.0.0.0:53255<->149.248.193.56:443 closed
18:26:18.631 [Finalizer] DEBUG org.apache.http.impl.conn.DefaultClientConnection - Connection 0.0.0.0:53256<->149.248.193.56:443 closed
18:26:18.631 [main] DEBUG net.thucydides.core.steps.StepInterceptor - STARTING STEP: User_produuct_steps.reciveNothing - I receive nothing from the page
18:26:18.632 [Finalizer] DEBUG org.apache.http.impl.conn.DefaultClientConnection - Connection 0.0.0.0:53254<->149.248.193.56:443 closed
18:26:18.632 [main] DEBUG net.thucydides.core.steps.StepInterceptor - STEP DONE: I receive nothing from the page
  &amp#27;[32mAnd &amp#27;[0m&amp#27;[32mI receive nothing from the page&amp#27;[0m                                                 &amp#27;[90m# starter.stepdefinition.User_produuct_steps.reciveNothing()&amp#27;[0m
18:26:18.633 [main] INFO  - 
  _____   ___   ___   _____     ___     _     ___   ___   ___   ___  
 |_   _| | __| / __| |_   _|   | _ \   /_\   / __| / __| | __| |   \ 
   | |   | _|  \__ \   | |     |  _/  / _ \  \__ \ \__ \ | _|  | |) |
   |_|   |___| |___/   |_|     |_|   /_/ \_\ |___/ |___/ |___| |___/ 

POST - As an admin I shouldn't be able to create new posts with invalid url
----------------------------------------------------------------------
]]></system-out>
  </testcase>
  <testcase name="DELETE - As admin I have be able to delete existing posts" classname="Posts #2" time="0.128">
    <system-out><![CDATA[
Scenario: DELETE - As admin I have be able to delete existing posts &amp#27;[90m# src/test/resources/features/User_product.feature:31&amp#27;[0m
18:26:18.636 [main] DEBUG io.cucumber.core.plugin.SerenityReporter - Running feature from file:///C:/Users/Dimas%20Rizqi%20Suryana/Mini_Project2/src/test/resources/features/User_product.feature
18:26:18.639 [main] INFO  - 
  _____   ___   ___   _____     ___   _____     _     ___   _____   ___   ___  
 |_   _| | __| / __| |_   _|   / __| |_   _|   /_\   | _ \ |_   _| | __| |   \ 
   | |   | _|  \__ \   | |     \__ \   | |    / _ \  |   /   | |   | _|  | |) |
   |_|   |___| |___/   |_|     |___/   |_|   /_/ \_\ |_|_\   |_|   |___| |___/ 

DELETE - As admin I have be able to delete existing posts(posts;delete---as-admin-i-have-be-able-to-delete-existing-posts)
--------------------------------------------------------------------------------
18:26:18.644 [main] DEBUG net.thucydides.core.steps.StepInterceptor - STARTING STEP: User_produuct_steps.setDeleteApiEndpoints - I set DELETE api endpoints
18:26:18.644 [main] DEBUG net.thucydides.core.steps.StepInterceptor - STEP DONE: I set DELETE api endpoints
  &amp#27;[32mGiven &amp#27;[0m&amp#27;[32mI set DELETE api endpoints&amp#27;[0m                                  &amp#27;[90m# starter.stepdefinition.User_produuct_steps.setDeleteApiEndpoints()&amp#27;[0m
18:26:18.646 [main] DEBUG net.thucydides.core.steps.StepInterceptor - STARTING STEP: User_produuct_steps.sendDeleteHttpRequest - I send DELETE HTTP request
18:26:18.647 [main] DEBUG net.thucydides.core.steps.StepInterceptor - STARTING STEP: DELETE_Product.sendDeleteHttpRequest - I set DELETE api endpoints
18:26:18.647 [main] DEBUG net.thucydides.core.steps.StepInterceptor - STEP DONE: I set DELETE api endpoints
18:26:18.657 [main] DEBUG org.apache.http.impl.conn.BasicClientConnectionManager - Get connection for route {s}->https://altashop-api.fly.dev:443
18:26:18.657 [main] DEBUG org.apache.http.impl.conn.DefaultClientConnectionOperator - Connecting to altashop-api.fly.dev:443
18:26:18.702 [main] DEBUG org.apache.http.client.protocol.RequestAddCookies - CookieSpec selected: ignoreCookies
18:26:18.702 [main] DEBUG org.apache.http.client.protocol.RequestAuthCache - Auth cache not set in the context
18:26:18.702 [main] DEBUG org.apache.http.client.protocol.RequestTargetAuthentication - Target auth state: UNCHALLENGED
18:26:18.702 [main] DEBUG org.apache.http.client.protocol.RequestProxyAuthentication - Proxy auth state: UNCHALLENGED
18:26:18.702 [main] DEBUG org.apache.http.impl.client.DefaultHttpClient - Attempt 1 to execute request
18:26:18.702 [main] DEBUG org.apache.http.impl.conn.DefaultClientConnection - Sending request: DELETE /api/products/1 HTTP/1.1
18:26:18.702 [main] DEBUG org.apache.http.wire -  >> "DELETE /api/products/1 HTTP/1.1[\r][\n]"
18:26:18.702 [main] DEBUG org.apache.http.wire -  >> "Accept: */*[\r][\n]"
18:26:18.702 [main] DEBUG org.apache.http.wire -  >> "Host: altashop-api.fly.dev[\r][\n]"
18:26:18.702 [main] DEBUG org.apache.http.wire -  >> "Connection: Keep-Alive[\r][\n]"
18:26:18.702 [main] DEBUG org.apache.http.wire -  >> "User-Agent: Apache-HttpClient/4.5.13 (Java/18.0.2.1)[\r][\n]"
18:26:18.702 [main] DEBUG org.apache.http.wire -  >> "Accept-Encoding: gzip,deflate[\r][\n]"
18:26:18.702 [main] DEBUG org.apache.http.wire -  >> "[\r][\n]"
18:26:18.702 [main] DEBUG org.apache.http.headers - >> DELETE /api/products/1 HTTP/1.1
18:26:18.702 [main] DEBUG org.apache.http.headers - >> Accept: */*
18:26:18.702 [main] DEBUG org.apache.http.headers - >> Host: altashop-api.fly.dev
18:26:18.702 [main] DEBUG org.apache.http.headers - >> Connection: Keep-Alive
18:26:18.702 [main] DEBUG org.apache.http.headers - >> User-Agent: Apache-HttpClient/4.5.13 (Java/18.0.2.1)
18:26:18.702 [main] DEBUG org.apache.http.headers - >> Accept-Encoding: gzip,deflate
18:26:18.755 [main] DEBUG org.apache.http.wire -  << "HTTP/1.1 200 OK[\r][\n]"
18:26:18.755 [main] DEBUG org.apache.http.wire -  << "content-type: application/json[\r][\n]"
18:26:18.755 [main] DEBUG org.apache.http.wire -  << "date: Mon, 08 May 2023 11:26:21 GMT[\r][\n]"
18:26:18.755 [main] DEBUG org.apache.http.wire -  << "content-encoding: gzip[\r][\n]"
18:26:18.755 [main] DEBUG org.apache.http.wire -  << "transfer-encoding: chunked[\r][\n]"
18:26:18.755 [main] DEBUG org.apache.http.wire -  << "server: Fly/3f2597ca (2023-05-03)[\r][\n]"
18:26:18.755 [main] DEBUG org.apache.http.wire -  << "via: 1.1 fly.io[\r][\n]"
18:26:18.755 [main] DEBUG org.apache.http.wire -  << "fly-request-id: 01GZXHSK9ZASD570VD0N5VAHFX-sin[\r][\n]"
18:26:18.755 [main] DEBUG org.apache.http.wire -  << "[\r][\n]"
18:26:18.755 [main] DEBUG org.apache.http.impl.conn.DefaultClientConnection - Receiving response: HTTP/1.1 200 OK
18:26:18.755 [main] DEBUG org.apache.http.headers - << HTTP/1.1 200 OK
18:26:18.755 [main] DEBUG org.apache.http.headers - << content-type: application/json
18:26:18.755 [main] DEBUG org.apache.http.headers - << date: Mon, 08 May 2023 11:26:21 GMT
18:26:18.755 [main] DEBUG org.apache.http.headers - << content-encoding: gzip
18:26:18.755 [main] DEBUG org.apache.http.headers - << transfer-encoding: chunked
18:26:18.755 [main] DEBUG org.apache.http.headers - << server: Fly/3f2597ca (2023-05-03)
18:26:18.755 [main] DEBUG org.apache.http.headers - << via: 1.1 fly.io
18:26:18.755 [main] DEBUG org.apache.http.headers - << fly-request-id: 01GZXHSK9ZASD570VD0N5VAHFX-sin
18:26:18.755 [main] DEBUG org.apache.http.impl.client.DefaultHttpClient - Connection can be kept alive indefinitely
18:26:18.755 [main] DEBUG io.restassured.internal.RestAssuredHttpBuilder - Parsing response as: application/json
18:26:18.755 [main] DEBUG org.apache.http.wire -  << "22[\r][\n]"
18:26:18.755 [main] DEBUG org.apache.http.wire -  << "[0x1f][0x8b][0x8][0x0][0x0][0x0][0x0][0x0][0x4][0xff][0xab]VJI,IT[0xb2][0xca]+[0xcd][0xc9][0xa9][0xe5][0x2][0x0][0xa3][0xab][0x8f]W[0xe][0x0][0x0][0x0]"
18:26:18.755 [main] DEBUG org.apache.http.wire -  << "[\r][\n]"
18:26:18.756 [main] DEBUG org.apache.http.wire -  << "0[\r][\n]"
18:26:18.756 [main] DEBUG org.apache.http.wire -  << "[\r][\n]"
18:26:18.756 [main] DEBUG io.restassured.internal.RestAssuredHttpBuilder - Parsed data to instance of: class org.apache.http.conn.EofSensorInputStream
18:26:18.757 [main] DEBUG org.apache.http.impl.conn.BasicClientConnectionManager - Releasing connection org.apache.http.impl.conn.ManagedClientConnectionImpl@435a2c7d
18:26:18.757 [main] DEBUG org.apache.http.impl.conn.BasicClientConnectionManager - Connection can be kept alive indefinitely
18:26:18.757 [main] DEBUG net.thucydides.core.steps.StepInterceptor - STEP DONE: I send DELETE HTTP request
  &amp#27;[32mWhen &amp#27;[0m&amp#27;[32mI send DELETE HTTP request&amp#27;[0m                                   &amp#27;[90m# starter.stepdefinition.User_produuct_steps.sendDeleteHttpRequest()&amp#27;[0m
18:26:18.759 [main] DEBUG net.thucydides.core.steps.StepInterceptor - STARTING STEP: User_produuct_steps.reciveValidHttpResponse - I receive valid HTTP response code 200
18:26:18.759 [main] DEBUG net.thucydides.core.steps.StepInterceptor - STEP DONE: I receive valid HTTP response code 200
  &amp#27;[32mThen &amp#27;[0m&amp#27;[32mI receive valid HTTP response code 200&amp#27;[0m                       &amp#27;[90m# starter.stepdefinition.User_produuct_steps.reciveValidHttpResponse()&amp#27;[0m
18:26:18.760 [main] INFO  - 
  _____   ___   ___   _____     ___     _     ___   ___   ___   ___  
 |_   _| | __| / __| |_   _|   | _ \   /_\   / __| / __| | __| |   \ 
   | |   | _|  \__ \   | |     |  _/  / _ \  \__ \ \__ \ | _|  | |) |
   |_|   |___| |___/   |_|     |_|   /_/ \_\ |___/ |___/ |___| |___/ 

DELETE - As admin I have be able to delete existing posts
----------------------------------------------------------------------
]]></system-out>
  </testcase>
  <testcase name="DELETE - As admin I shouldn&apos;t be able to delete without input which posts" classname="Posts #2" time="0.333">
    <system-out><![CDATA[
Scenario: DELETE - As admin I shouldn't be able to delete without input which posts &amp#27;[90m# src/test/resources/features/User_product.feature:36&amp#27;[0m
18:26:18.765 [main] DEBUG io.cucumber.core.plugin.SerenityReporter - Running feature from file:///C:/Users/Dimas%20Rizqi%20Suryana/Mini_Project2/src/test/resources/features/User_product.feature
18:26:18.766 [main] INFO  - 
  _____   ___   ___   _____     ___   _____     _     ___   _____   ___   ___  
 |_   _| | __| / __| |_   _|   / __| |_   _|   /_\   | _ \ |_   _| | __| |   \ 
   | |   | _|  \__ \   | |     \__ \   | |    / _ \  |   /   | |   | _|  | |) |
   |_|   |___| |___/   |_|     |___/   |_|   /_/ \_\ |_|_\   |_|   |___| |___/ 

DELETE - As admin I shouldn't be able to delete without input which posts(posts;delete---as-admin-i-shouldn-t-be-able-to-delete-without-input-which-posts)
--------------------------------------------------------------------------------
18:26:18.771 [main] DEBUG net.thucydides.core.steps.StepInterceptor - STARTING STEP: User_produuct_steps.setInvalidDeleteApiEndpoints - I set DELETE to invalid api endpoints
18:26:18.771 [main] DEBUG net.thucydides.core.steps.StepInterceptor - STEP DONE: I set DELETE to invalid api endpoints
  &amp#27;[32mGiven &amp#27;[0m&amp#27;[32mI set DELETE to invalid api endpoints&amp#27;[0m                                       &amp#27;[90m# starter.stepdefinition.User_produuct_steps.setInvalidDeleteApiEndpoints()&amp#27;[0m
18:26:18.772 [main] DEBUG net.thucydides.core.steps.StepInterceptor - STARTING STEP: User_produuct_steps.sendInvalidDeleteHttpRequest - I send DELETE Invalid HTTP request
18:26:18.773 [main] DEBUG net.thucydides.core.steps.StepInterceptor - STARTING STEP: DELETE_Product.sendInvalidDeleteHttpRequest - I set DELETE to invalid api endpoints
18:26:18.773 [main] DEBUG net.thucydides.core.steps.StepInterceptor - STEP DONE: I set DELETE to invalid api endpoints
18:26:18.779 [main] DEBUG org.apache.http.impl.conn.BasicClientConnectionManager - Get connection for route {s}->https://altashop-api.fly.dev:443
18:26:18.779 [main] DEBUG org.apache.http.impl.conn.DefaultClientConnectionOperator - Connecting to altashop-api.fly.dev:443
18:26:19.069 [main] DEBUG org.apache.http.client.protocol.RequestAddCookies - CookieSpec selected: ignoreCookies
18:26:19.069 [main] DEBUG org.apache.http.client.protocol.RequestAuthCache - Auth cache not set in the context
18:26:19.069 [main] DEBUG org.apache.http.client.protocol.RequestTargetAuthentication - Target auth state: UNCHALLENGED
18:26:19.069 [main] DEBUG org.apache.http.client.protocol.RequestProxyAuthentication - Proxy auth state: UNCHALLENGED
18:26:19.069 [main] DEBUG org.apache.http.impl.client.DefaultHttpClient - Attempt 1 to execute request
18:26:19.069 [main] DEBUG org.apache.http.impl.conn.DefaultClientConnection - Sending request: DELETE /api/products HTTP/1.1
18:26:19.069 [main] DEBUG org.apache.http.wire -  >> "DELETE /api/products HTTP/1.1[\r][\n]"
18:26:19.069 [main] DEBUG org.apache.http.wire -  >> "Accept: */*[\r][\n]"
18:26:19.069 [main] DEBUG org.apache.http.wire -  >> "Host: altashop-api.fly.dev[\r][\n]"
18:26:19.069 [main] DEBUG org.apache.http.wire -  >> "Connection: Keep-Alive[\r][\n]"
18:26:19.069 [main] DEBUG org.apache.http.wire -  >> "User-Agent: Apache-HttpClient/4.5.13 (Java/18.0.2.1)[\r][\n]"
18:26:19.069 [main] DEBUG org.apache.http.wire -  >> "Accept-Encoding: gzip,deflate[\r][\n]"
18:26:19.069 [main] DEBUG org.apache.http.wire -  >> "[\r][\n]"
18:26:19.070 [main] DEBUG org.apache.http.headers - >> DELETE /api/products HTTP/1.1
18:26:19.070 [main] DEBUG org.apache.http.headers - >> Accept: */*
18:26:19.070 [main] DEBUG org.apache.http.headers - >> Host: altashop-api.fly.dev
18:26:19.070 [main] DEBUG org.apache.http.headers - >> Connection: Keep-Alive
18:26:19.070 [main] DEBUG org.apache.http.headers - >> User-Agent: Apache-HttpClient/4.5.13 (Java/18.0.2.1)
18:26:19.070 [main] DEBUG org.apache.http.headers - >> Accept-Encoding: gzip,deflate
18:26:19.089 [main] DEBUG org.apache.http.wire -  << "HTTP/1.1 405 Method Not Allowed[\r][\n]"
18:26:19.089 [main] DEBUG org.apache.http.wire -  << "date: Mon, 08 May 2023 11:26:21 GMT[\r][\n]"
18:26:19.089 [main] DEBUG org.apache.http.wire -  << "content-encoding: gzip[\r][\n]"
18:26:19.089 [main] DEBUG org.apache.http.wire -  << "content-type: text/plain; charset=utf-8[\r][\n]"
18:26:19.089 [main] DEBUG org.apache.http.wire -  << "transfer-encoding: chunked[\r][\n]"
18:26:19.089 [main] DEBUG org.apache.http.wire -  << "server: Fly/3f2597ca (2023-05-03)[\r][\n]"
18:26:19.089 [main] DEBUG org.apache.http.wire -  << "via: 1.1 fly.io[\r][\n]"
18:26:19.089 [main] DEBUG org.apache.http.wire -  << "fly-request-id: 01GZXHSKNF3NF8ZE54WCBHQ9AR-sin[\r][\n]"
18:26:19.089 [main] DEBUG org.apache.http.wire -  << "[\r][\n]"
18:26:19.089 [main] DEBUG org.apache.http.impl.conn.DefaultClientConnection - Receiving response: HTTP/1.1 405 Method Not Allowed
18:26:19.089 [main] DEBUG org.apache.http.headers - << HTTP/1.1 405 Method Not Allowed
18:26:19.089 [main] DEBUG org.apache.http.headers - << date: Mon, 08 May 2023 11:26:21 GMT
18:26:19.089 [main] DEBUG org.apache.http.headers - << content-encoding: gzip
18:26:19.089 [main] DEBUG org.apache.http.headers - << content-type: text/plain; charset=utf-8
18:26:19.089 [main] DEBUG org.apache.http.headers - << transfer-encoding: chunked
18:26:19.089 [main] DEBUG org.apache.http.headers - << server: Fly/3f2597ca (2023-05-03)
18:26:19.089 [main] DEBUG org.apache.http.headers - << via: 1.1 fly.io
18:26:19.089 [main] DEBUG org.apache.http.headers - << fly-request-id: 01GZXHSKNF3NF8ZE54WCBHQ9AR-sin
18:26:19.089 [main] DEBUG org.apache.http.impl.client.DefaultHttpClient - Connection can be kept alive indefinitely
18:26:19.089 [main] DEBUG io.restassured.internal.RestAssuredHttpBuilder - Parsing response as: text/plain; charset=utf-8
18:26:19.089 [main] DEBUG org.apache.http.wire -  << "27[\r][\n]"
18:26:19.089 [main] DEBUG org.apache.http.wire -  << "[0x1f][0x8b][0x8][0x0][0x0][0x0][0x0][0x0][0x4][0xff][0xcb]M-[0xc9][0xc8]OQ[0xc8][0xcb]/QH[0xcc][0xc9][0xc9]/OM[0xe1][0x2][0x0][0xe5]Yf[0xfa][0x13][0x0][0x0][0x0]"
18:26:19.089 [main] DEBUG org.apache.http.wire -  << "[\r][\n]"
18:26:19.089 [main] DEBUG org.apache.http.wire -  << "0[\r][\n]"
18:26:19.089 [main] DEBUG org.apache.http.wire -  << "[\r][\n]"
18:26:19.089 [main] DEBUG io.restassured.internal.RestAssuredHttpBuilder - Parsed data to instance of: class org.apache.http.conn.EofSensorInputStream
18:26:19.090 [main] DEBUG org.apache.http.impl.conn.BasicClientConnectionManager - Releasing connection org.apache.http.impl.conn.ManagedClientConnectionImpl@4853f592
18:26:19.090 [main] DEBUG org.apache.http.impl.conn.BasicClientConnectionManager - Connection can be kept alive indefinitely
18:26:19.091 [main] DEBUG net.thucydides.core.steps.StepInterceptor - STEP DONE: I send DELETE Invalid HTTP request
  &amp#27;[32mWhen &amp#27;[0m&amp#27;[32mI send DELETE Invalid HTTP request&amp#27;[0m                                           &amp#27;[90m# starter.stepdefinition.User_produuct_steps.sendInvalidDeleteHttpRequest()&amp#27;[0m
  &amp#27;[32mThen &amp#27;[0m&amp#27;[32mI receive invalid HTTP response code 405 Not Found&amp#27;[0m                           &amp#27;[90m# starter.stepdefinition.User_produuct_steps.reciveInvalidHttpResponseCode405()&amp#27;[0m
18:26:19.094 [main] DEBUG net.thucydides.core.steps.StepInterceptor - STARTING STEP: User_produuct_steps.reciveNothing - I receive nothing from the page
18:26:19.094 [main] DEBUG net.thucydides.core.steps.StepInterceptor - STEP DONE: I receive nothing from the page
  &amp#27;[32mAnd &amp#27;[0m&amp#27;[32mI receive nothing from the page&amp#27;[0m                                               &amp#27;[90m# starter.stepdefinition.User_produuct_steps.reciveNothing()&amp#27;[0m
18:26:19.095 [main] INFO  - 
  _____   ___   ___   _____     ___     _     ___   ___   ___   ___  
 |_   _| | __| / __| |_   _|   | _ \   /_\   / __| / __| | __| |   \ 
   | |   | _|  \__ \   | |     |  _/  / _ \  \__ \ \__ \ | _|  | |) |
   |_|   |___| |___/   |_|     |_|   /_/ \_\ |___/ |___/ |___| |___/ 

DELETE - As admin I shouldn't be able to delete without input which posts
----------------------------------------------------------------------
]]></system-out>
  </testcase>
</testsuite>